{"timestamp":"2025-05-23T15:25:28.899769","level":"info","event":"DAG bundles loaded: dags-folder, example_dags","logger":"airflow.dag_processing.bundles.manager.DagBundlesManager"}
{"timestamp":"2025-05-23T15:25:28.900246","level":"info","event":"Filling up the DagBag from /opt/airflow/dags/temperature_etl_dag/main_dag.py","logger":"airflow.models.dagbag.DagBag"}
{"timestamp":"2025-05-23T15:25:28.926187","level":"info","event":"Secrets backends loaded for worker","count":1,"backend_classes":["EnvironmentVariablesBackend"],"logger":"supervisor"}
{"timestamp":"2025-05-23T15:25:28.936724","level":"info","event":"Connection Retrieved 'temperature_data_folder_conn'","logger":"airflow.hooks.base"}
{"timestamp":"2025-05-23T15:25:28.938042","level":"info","event":"Secrets backends loaded for worker","count":1,"backend_classes":["EnvironmentVariablesBackend"],"logger":"supervisor"}
{"timestamp":"2025-05-23T15:25:28.945819Z","level":"info","event":"Базовий шлях для оброблених датасетів: /opt/airflow/dags/data/***","chan":"stdout","logger":"task"}
{"timestamp":"2025-05-23T15:25:28.959746","level":"info","event":"Secrets backends loaded for worker","count":1,"backend_classes":["EnvironmentVariablesBackend"],"logger":"supervisor"}
{"timestamp":"2025-05-23T15:25:28.991067Z","level":"info","event":"Task instance is in running state","chan":"stdout","logger":"task"}
{"timestamp":"2025-05-23T15:25:28.991572Z","level":"info","event":" Previous state of the Task instance: queued","chan":"stdout","logger":"task"}
{"timestamp":"2025-05-23T15:25:28.991903Z","level":"info","event":"Current task name:process_and_save_datasets","chan":"stdout","logger":"task"}
{"timestamp":"2025-05-23T15:25:28.992168Z","level":"info","event":"Dag name:temperature_data_etl_strict_schema","chan":"stdout","logger":"task"}
{"timestamp":"2025-05-23T15:25:28.992429Z","level":"info","event":"Починаємо трансформацію даних для запуску DAG на 2025-05-23 15:22:41.935000+00:00...","chan":"stdout","logger":"task"}
{"timestamp":"2025-05-23T15:25:28.972290","level":"info","event":"Secrets backends loaded for worker","count":1,"backend_classes":["EnvironmentVariablesBackend"],"logger":"supervisor"}
{"timestamp":"2025-05-23T15:25:28.991430","level":"info","event":"Connection Retrieved 'temperature_data_folder_conn'","logger":"airflow.hooks.base"}
{"timestamp":"2025-05-23T15:25:28.992106","level":"warning","event":"/home/airflow/.local/lib/python3.12/site-packages/airflow/models/variable.py:147: DeprecationWarning: Using Variable.get from `airflow.models` is deprecated.Please use `from airflow.sdk import Variable` instead\n  warnings.warn(\n","logger":"py.warnings"}
{"timestamp":"2025-05-23T15:25:28.992403","level":"info","event":"Secrets backends loaded for worker","count":1,"backend_classes":["EnvironmentVariablesBackend"],"logger":"supervisor"}
{"timestamp":"2025-05-23T15:25:29.000281Z","level":"info","event":"Читаємо вхідні дані з: /opt/airflow/dags/data/***","chan":"stdout","logger":"task"}
{"timestamp":"2025-05-23T15:25:29.000650Z","level":"info","event":"Зберігатимемо оброблені дані у: /opt/airflow/dags/data/***","chan":"stdout","logger":"task"}
{"timestamp":"2025-05-23T15:25:29.478104Z","level":"info","event":"Успішно прочитано 463320 рядків з CSV.","chan":"stdout","logger":"task"}
{"timestamp":"2025-05-23T15:26:10.129445","level":"error","event":"Task failed with exception","logger":"task","error_detail":[{"exc_type":"AttributeError","exc_value":"'DagRun' object has no attribute 'dag'","exc_notes":[],"syntax_error":null,"is_cause":false,"frames":[{"filename":"/home/airflow/.local/lib/python3.12/site-packages/airflow/sdk/execution_time/task_runner.py","lineno":825,"name":"run"},{"filename":"/home/airflow/.local/lib/python3.12/site-packages/airflow/sdk/execution_time/task_runner.py","lineno":1088,"name":"_execute_task"},{"filename":"/home/airflow/.local/lib/python3.12/site-packages/airflow/sdk/bases/operator.py","lineno":408,"name":"wrapper"},{"filename":"/home/airflow/.local/lib/python3.12/site-packages/airflow/providers/standard/operators/python.py","lineno":212,"name":"execute"},{"filename":"/home/airflow/.local/lib/python3.12/site-packages/airflow/providers/standard/operators/python.py","lineno":235,"name":"execute_callable"},{"filename":"/home/airflow/.local/lib/python3.12/site-packages/airflow/sdk/execution_time/callback_runner.py","lineno":81,"name":"run"},{"filename":"/opt/airflow/dags/temperature_etl_dag/processing.py","lineno":169,"name":"transform_and_save_data"},{"filename":"/home/airflow/.local/lib/python3.12/site-packages/pydantic/main.py","lineno":994,"name":"__getattr__"}]}]}
{"timestamp":"2025-05-23T15:26:10.131009Z","level":"info","event":"Task instance in failure state","chan":"stdout","logger":"task"}
{"timestamp":"2025-05-23T15:26:10.131313Z","level":"info","event":"Task start","chan":"stdout","logger":"task"}
{"timestamp":"2025-05-23T15:26:10.131560Z","level":"info","event":"Task:<Task(PythonOperator): process_and_save_datasets>","chan":"stdout","logger":"task"}
{"timestamp":"2025-05-23T15:26:10.131817Z","level":"info","event":"Failure caused by 'DagRun' object has no attribute 'dag'","chan":"stdout","logger":"task"}
