{"timestamp":"2025-05-23T15:22:43.829022","level":"info","event":"DAG bundles loaded: dags-folder, example_dags","logger":"airflow.dag_processing.bundles.manager.DagBundlesManager"}
{"timestamp":"2025-05-23T15:22:43.829605","level":"info","event":"Filling up the DagBag from /opt/airflow/dags/temperature_etl_dag/main_dag.py","logger":"airflow.models.dagbag.DagBag"}
{"timestamp":"2025-05-23T15:22:43.856698","level":"info","event":"Secrets backends loaded for worker","count":1,"backend_classes":["EnvironmentVariablesBackend"],"logger":"supervisor"}
{"timestamp":"2025-05-23T15:22:43.864693","level":"info","event":"Connection Retrieved 'temperature_data_folder_conn'","logger":"airflow.hooks.base"}
{"timestamp":"2025-05-23T15:22:43.866136","level":"info","event":"Secrets backends loaded for worker","count":1,"backend_classes":["EnvironmentVariablesBackend"],"logger":"supervisor"}
{"timestamp":"2025-05-23T15:22:43.874165Z","level":"info","event":"Базовий шлях для оброблених датасетів: /opt/airflow/dags/data/***","chan":"stdout","logger":"task"}
{"timestamp":"2025-05-23T15:22:43.889395","level":"info","event":"Secrets backends loaded for worker","count":1,"backend_classes":["EnvironmentVariablesBackend"],"logger":"supervisor"}
{"timestamp":"2025-05-23T15:22:43.929603Z","level":"info","event":"Task instance is in running state","chan":"stdout","logger":"task"}
{"timestamp":"2025-05-23T15:22:43.929976Z","level":"info","event":" Previous state of the Task instance: queued","chan":"stdout","logger":"task"}
{"timestamp":"2025-05-23T15:22:43.930234Z","level":"info","event":"Current task name:wait_for_raw_data_file","chan":"stdout","logger":"task"}
{"timestamp":"2025-05-23T15:22:43.930478Z","level":"info","event":"Dag name:temperature_data_etl_strict_schema","chan":"stdout","logger":"task"}
{"timestamp":"2025-05-23T15:22:43.905234","level":"info","event":"Secrets backends loaded for worker","count":1,"backend_classes":["EnvironmentVariablesBackend"],"logger":"supervisor"}
{"timestamp":"2025-05-23T15:22:43.929866","level":"info","event":"Connection Retrieved 'temperature_data_folder_conn'","logger":"airflow.hooks.base"}
{"timestamp":"2025-05-23T15:22:43.930027","level":"info","event":"Poking for file /opt/airflow/dags/data/***","logger":"airflow.task.operators.airflow.providers.standard.sensors.filesystem.FileSensor"}
{"timestamp":"2025-05-23T15:22:43.933684","level":"info","event":"Found File /opt/airflow/dags/data/*** last modified: 20250511161730","logger":"airflow.task.operators.airflow.providers.standard.sensors.filesystem.FileSensor"}
{"timestamp":"2025-05-23T15:22:43.933827","level":"info","event":"Success criteria met. Exiting.","logger":"airflow.task.operators.airflow.providers.standard.sensors.filesystem.FileSensor"}
{"timestamp":"2025-05-23T15:22:43.933921","level":"info","event":"Poking for file /opt/airflow/dags/data/***","logger":"airflow.task.operators.airflow.providers.standard.sensors.filesystem.FileSensor"}
{"timestamp":"2025-05-23T15:22:43.937113","level":"info","event":"Found File /opt/airflow/dags/data/*** last modified: 20250511161730","logger":"airflow.task.operators.airflow.providers.standard.sensors.filesystem.FileSensor"}
{"timestamp":"2025-05-23T15:22:43.954578Z","level":"info","event":"Task instance in success state","chan":"stdout","logger":"task"}
{"timestamp":"2025-05-23T15:22:43.954983Z","level":"info","event":" Previous state of the Task instance: running","chan":"stdout","logger":"task"}
{"timestamp":"2025-05-23T15:22:43.955209Z","level":"info","event":"Task operator:<Task(FileSensor): wait_for_raw_data_file>","chan":"stdout","logger":"task"}
