{"timestamp":"2025-05-12T06:03:55.813876","level":"info","event":"DAG bundles loaded: dags-folder, example_dags","logger":"airflow.dag_processing.bundles.manager.DagBundlesManager"}
{"timestamp":"2025-05-12T06:03:55.814899","level":"info","event":"Filling up the DagBag from /opt/airflow/dags/temperature_etl_dag/main_dag.py","logger":"airflow.models.dagbag.DagBag"}
{"timestamp":"2025-05-12T06:03:55.916569","level":"info","event":"Secrets backends loaded for worker","count":1,"backend_classes":["EnvironmentVariablesBackend"],"logger":"supervisor"}
{"timestamp":"2025-05-12T06:03:55.939798","level":"info","event":"Connection Retrieved 'temperature_data_folder_conn'","logger":"airflow.hooks.base"}
{"timestamp":"2025-05-12T06:03:55.944217","level":"info","event":"Secrets backends loaded for worker","count":1,"backend_classes":["EnvironmentVariablesBackend"],"logger":"supervisor"}
{"timestamp":"2025-05-12T06:03:55.963640Z","level":"info","event":"Base path for processed datasets: /opt/airflow/dags/data/***","chan":"stdout","logger":"task"}
{"timestamp":"2025-05-12T06:03:55.964518Z","level":"info","event":"DimDate Dataset URI: file:///opt/airflow/dags/data/***/dim_date.json","chan":"stdout","logger":"task"}
{"timestamp":"2025-05-12T06:03:55.965183Z","level":"info","event":"DimCity Dataset URI: file:///opt/airflow/dags/data/***/dim_city.json","chan":"stdout","logger":"task"}
{"timestamp":"2025-05-12T06:03:55.965790Z","level":"info","event":"FactMonthlyTemperatures Dataset URI: file:///opt/airflow/dags/data/***/fact_monthly_temperatures.json","chan":"stdout","logger":"task"}
{"timestamp":"2025-05-12T06:03:55.977189","level":"info","event":"Secrets backends loaded for worker","count":1,"backend_classes":["EnvironmentVariablesBackend"],"logger":"supervisor"}
{"timestamp":"2025-05-12T06:03:57.258954Z","level":"info","event":"Task instance is in running state","chan":"stdout","logger":"task"}
{"timestamp":"2025-05-12T06:03:57.259652Z","level":"info","event":" Previous state of the Task instance: queued","chan":"stdout","logger":"task"}
{"timestamp":"2025-05-12T06:03:57.260319Z","level":"info","event":"Current task name:wait_for_raw_data_file","chan":"stdout","logger":"task"}
{"timestamp":"2025-05-12T06:03:57.261031Z","level":"info","event":"Dag name:temperature_data_etl_pipeline","chan":"stdout","logger":"task"}
{"timestamp":"2025-05-12T06:03:56.013454","level":"info","event":"Secrets backends loaded for worker","count":1,"backend_classes":["EnvironmentVariablesBackend"],"logger":"supervisor"}
{"timestamp":"2025-05-12T06:03:57.259321","level":"info","event":"Connection Retrieved 'temperature_data_folder_conn'","logger":"airflow.hooks.base"}
{"timestamp":"2025-05-12T06:03:57.259680","level":"info","event":"Poking for file /opt/airflow/dags/data/***","logger":"airflow.task.operators.airflow.providers.standard.sensors.filesystem.FileSensor"}
{"timestamp":"2025-05-12T06:03:57.267343","level":"info","event":"Found File /opt/airflow/dags/data/*** last modified: 20250511161730","logger":"airflow.task.operators.airflow.providers.standard.sensors.filesystem.FileSensor"}
{"timestamp":"2025-05-12T06:03:57.267605","level":"info","event":"Success criteria met. Exiting.","logger":"airflow.task.operators.airflow.providers.standard.sensors.filesystem.FileSensor"}
{"timestamp":"2025-05-12T06:03:57.267929","level":"info","event":"Poking for file /opt/airflow/dags/data/***","logger":"airflow.task.operators.airflow.providers.standard.sensors.filesystem.FileSensor"}
{"timestamp":"2025-05-12T06:03:57.275704","level":"info","event":"Found File /opt/airflow/dags/data/*** last modified: 20250511161730","logger":"airflow.task.operators.airflow.providers.standard.sensors.filesystem.FileSensor"}
{"timestamp":"2025-05-12T06:03:57.318790Z","level":"info","event":"Task instance in success state","chan":"stdout","logger":"task"}
{"timestamp":"2025-05-12T06:03:57.319553Z","level":"info","event":" Previous state of the Task instance: running","chan":"stdout","logger":"task"}
{"timestamp":"2025-05-12T06:03:57.320229Z","level":"info","event":"Task operator:<Task(FileSensor): wait_for_raw_data_file>","chan":"stdout","logger":"task"}
