{"timestamp":"2025-05-23T15:17:31.223655","level":"info","event":"DAG bundles loaded: dags-folder, example_dags","logger":"airflow.dag_processing.bundles.manager.DagBundlesManager"}
{"timestamp":"2025-05-23T15:17:31.224407","level":"info","event":"Filling up the DagBag from /opt/airflow/dags/temperature_etl_dag/main_dag.py","logger":"airflow.models.dagbag.DagBag"}
{"timestamp":"2025-05-23T15:17:31.253365","level":"info","event":"Secrets backends loaded for worker","count":1,"backend_classes":["EnvironmentVariablesBackend"],"logger":"supervisor"}
{"timestamp":"2025-05-23T15:17:31.269379","level":"info","event":"Connection Retrieved 'temperature_data_folder_conn'","logger":"airflow.hooks.base"}
{"timestamp":"2025-05-23T15:17:31.271842","level":"info","event":"Secrets backends loaded for worker","count":1,"backend_classes":["EnvironmentVariablesBackend"],"logger":"supervisor"}
{"timestamp":"2025-05-23T15:17:31.284521Z","level":"info","event":"Базовий шлях для оброблених датасетів: /opt/airflow/dags/data/***","chan":"stdout","logger":"task"}
{"timestamp":"2025-05-23T15:17:31.298960","level":"info","event":"Secrets backends loaded for worker","count":1,"backend_classes":["EnvironmentVariablesBackend"],"logger":"supervisor"}
{"timestamp":"2025-05-23T15:17:31.347034Z","level":"info","event":"Task instance is in running state","chan":"stdout","logger":"task"}
{"timestamp":"2025-05-23T15:17:31.347520Z","level":"info","event":" Previous state of the Task instance: queued","chan":"stdout","logger":"task"}
{"timestamp":"2025-05-23T15:17:31.347864Z","level":"info","event":"Current task name:wait_for_raw_data_file","chan":"stdout","logger":"task"}
{"timestamp":"2025-05-23T15:17:31.348108Z","level":"info","event":"Dag name:temperature_data_etl_strict_schema","chan":"stdout","logger":"task"}
{"timestamp":"2025-05-23T15:17:31.317022","level":"info","event":"Secrets backends loaded for worker","count":1,"backend_classes":["EnvironmentVariablesBackend"],"logger":"supervisor"}
{"timestamp":"2025-05-23T15:17:31.347403","level":"info","event":"Connection Retrieved 'temperature_data_folder_conn'","logger":"airflow.hooks.base"}
{"timestamp":"2025-05-23T15:17:31.347619","level":"info","event":"Poking for file /opt/airflow/dags/data/***","logger":"airflow.task.operators.airflow.providers.standard.sensors.filesystem.FileSensor"}
{"timestamp":"2025-05-23T15:17:31.350208","level":"info","event":"Found File /opt/airflow/dags/data/*** last modified: 20250511161730","logger":"airflow.task.operators.airflow.providers.standard.sensors.filesystem.FileSensor"}
{"timestamp":"2025-05-23T15:17:31.350322","level":"info","event":"Success criteria met. Exiting.","logger":"airflow.task.operators.airflow.providers.standard.sensors.filesystem.FileSensor"}
{"timestamp":"2025-05-23T15:17:31.350422","level":"info","event":"Poking for file /opt/airflow/dags/data/***","logger":"airflow.task.operators.airflow.providers.standard.sensors.filesystem.FileSensor"}
{"timestamp":"2025-05-23T15:17:31.352308","level":"info","event":"Found File /opt/airflow/dags/data/*** last modified: 20250511161730","logger":"airflow.task.operators.airflow.providers.standard.sensors.filesystem.FileSensor"}
{"timestamp":"2025-05-23T15:17:31.375249Z","level":"info","event":"Task instance in success state","chan":"stdout","logger":"task"}
{"timestamp":"2025-05-23T15:17:31.375590Z","level":"info","event":" Previous state of the Task instance: running","chan":"stdout","logger":"task"}
{"timestamp":"2025-05-23T15:17:31.375809Z","level":"info","event":"Task operator:<Task(FileSensor): wait_for_raw_data_file>","chan":"stdout","logger":"task"}
