{"timestamp":"2025-05-12T14:00:07.899170","level":"info","event":"DAG bundles loaded: dags-folder, example_dags","logger":"airflow.dag_processing.bundles.manager.DagBundlesManager"}
{"timestamp":"2025-05-12T14:00:07.900397","level":"info","event":"Filling up the DagBag from /opt/airflow/dags/temperature_etl_dag/main_dag.py","logger":"airflow.models.dagbag.DagBag"}
{"timestamp":"2025-05-12T14:00:07.973018","level":"info","event":"Secrets backends loaded for worker","count":1,"backend_classes":["EnvironmentVariablesBackend"],"logger":"supervisor"}
{"timestamp":"2025-05-12T14:00:08.015757","level":"info","event":"Connection Retrieved 'temperature_data_folder_conn'","logger":"airflow.hooks.base"}
{"timestamp":"2025-05-12T14:00:08.018105","level":"info","event":"Secrets backends loaded for worker","count":1,"backend_classes":["EnvironmentVariablesBackend"],"logger":"supervisor"}
{"timestamp":"2025-05-12T14:00:08.047892Z","level":"info","event":"Базовий шлях для оброблених датасетів: /opt/airflow/dags/data/***","chan":"stdout","logger":"task"}
{"timestamp":"2025-05-12T14:00:08.054238","level":"info","event":"Secrets backends loaded for worker","count":1,"backend_classes":["EnvironmentVariablesBackend"],"logger":"supervisor"}
{"timestamp":"2025-05-12T14:00:08.180604Z","level":"info","event":"Task instance is in running state","chan":"stdout","logger":"task"}
{"timestamp":"2025-05-12T14:00:08.181199Z","level":"info","event":" Previous state of the Task instance: queued","chan":"stdout","logger":"task"}
{"timestamp":"2025-05-12T14:00:08.181738Z","level":"info","event":"Current task name:process_and_save_datasets","chan":"stdout","logger":"task"}
{"timestamp":"2025-05-12T14:00:08.182280Z","level":"info","event":"Dag name:temperature_data_etl_pipeline","chan":"stdout","logger":"task"}
{"timestamp":"2025-05-12T14:00:08.182771Z","level":"info","event":"Починаємо трансформацію даних для запуску DAG на 2025-05-12 14:00:00+00:00...","chan":"stdout","logger":"task"}
{"timestamp":"2025-05-12T14:00:08.087895","level":"info","event":"Secrets backends loaded for worker","count":1,"backend_classes":["EnvironmentVariablesBackend"],"logger":"supervisor"}
{"timestamp":"2025-05-12T14:00:08.180958","level":"info","event":"Connection Retrieved 'temperature_data_folder_conn'","logger":"airflow.hooks.base"}
{"timestamp":"2025-05-12T14:00:08.182422","level":"warning","event":"/home/airflow/.local/lib/python3.12/site-packages/airflow/models/variable.py:147: DeprecationWarning: Using Variable.get from `airflow.models` is deprecated.Please use `from airflow.sdk import Variable` instead\n  warnings.warn(\n","logger":"py.warnings"}
{"timestamp":"2025-05-12T14:00:08.182772","level":"info","event":"Secrets backends loaded for worker","count":1,"backend_classes":["EnvironmentVariablesBackend"],"logger":"supervisor"}
{"timestamp":"2025-05-12T14:00:08.197588Z","level":"info","event":"Читаємо вхідні дані з: /opt/airflow/dags/data/***","chan":"stdout","logger":"task"}
{"timestamp":"2025-05-12T14:00:08.198217Z","level":"info","event":"Зберігатимемо оброблені дані у: /opt/airflow/dags/data/***","chan":"stdout","logger":"task"}
{"timestamp":"2025-05-12T14:00:09.542436Z","level":"info","event":"Успішно прочитано 463320 рядків з CSV.","chan":"stdout","logger":"task"}
{"timestamp":"2025-05-12T14:01:38.404588Z","level":"info","event":"Збережено 132 записів у /opt/airflow/dags/data/***/dim_date.json","chan":"stdout","logger":"task"}
{"timestamp":"2025-05-12T14:01:38.498930Z","level":"info","event":"Збережено 3490 записів у /opt/airflow/dags/data/***/dim_city.json","chan":"stdout","logger":"task"}
{"timestamp":"2025-05-12T14:01:47.656407Z","level":"info","event":"Збережено 463320 записів у /opt/airflow/dags/data/***/fact_monthly_temperatures.json","chan":"stdout","logger":"task"}
{"timestamp":"2025-05-12T14:01:47.657468Z","level":"info","event":"Трансформацію та збереження даних завершено.","chan":"stdout","logger":"task"}
{"timestamp":"2025-05-12T14:01:47.892881","level":"info","event":"Done. Returned value was: None","logger":"airflow.task.operators.airflow.providers.standard.operators.python.PythonOperator"}
{"timestamp":"2025-05-12T14:01:48.042100Z","level":"info","event":"Task instance in success state","chan":"stdout","logger":"task"}
{"timestamp":"2025-05-12T14:01:48.042763Z","level":"info","event":" Previous state of the Task instance: running","chan":"stdout","logger":"task"}
{"timestamp":"2025-05-12T14:01:48.043239Z","level":"info","event":"Task operator:<Task(PythonOperator): process_and_save_datasets>","chan":"stdout","logger":"task"}
