{"timestamp":"2025-05-11T14:47:05.104254","level":"info","event":"DAG bundles loaded: dags-folder, example_dags","logger":"airflow.dag_processing.bundles.manager.DagBundlesManager"}
{"timestamp":"2025-05-11T14:47:05.104863","level":"info","event":"Filling up the DagBag from /opt/airflow/dags/temperature_etl_dag/main_dag.py","logger":"airflow.models.dagbag.DagBag"}
{"timestamp":"2025-05-11T14:47:05.153360","level":"info","event":"Secrets backends loaded for worker","count":1,"backend_classes":["EnvironmentVariablesBackend"],"logger":"supervisor"}
{"timestamp":"2025-05-11T14:47:05.162349","level":"info","event":"Connection Retrieved 'temperature_data_folder_conn'","logger":"airflow.hooks.base"}
{"timestamp":"2025-05-11T14:47:05.164029","level":"info","event":"Secrets backends loaded for worker","count":1,"backend_classes":["EnvironmentVariablesBackend"],"logger":"supervisor"}
{"timestamp":"2025-05-11T14:47:05.173347Z","level":"info","event":"Base path for processed datasets: /opt/airflow/dags/data/processed_datasets","chan":"stdout","logger":"task"}
{"timestamp":"2025-05-11T14:47:05.173792Z","level":"info","event":"DimDate Dataset URI: file:///opt/airflow/dags/data/processed_datasets/dim_date.json","chan":"stdout","logger":"task"}
{"timestamp":"2025-05-11T14:47:05.174132Z","level":"info","event":"DimCity Dataset URI: file:///opt/airflow/dags/data/processed_datasets/dim_city.json","chan":"stdout","logger":"task"}
{"timestamp":"2025-05-11T14:47:05.174506Z","level":"info","event":"FactMonthlyTemperatures Dataset URI: file:///opt/airflow/dags/data/processed_datasets/fact_monthly_temperatures.json","chan":"stdout","logger":"task"}
{"timestamp":"2025-05-11T14:47:05.177942","level":"info","event":"Secrets backends loaded for worker","count":1,"backend_classes":["EnvironmentVariablesBackend"],"logger":"supervisor"}
{"timestamp":"2025-05-11T14:47:05.215301Z","level":"info","event":"Task instance is in running state","chan":"stdout","logger":"task"}
{"timestamp":"2025-05-11T14:47:05.215777Z","level":"info","event":" Previous state of the Task instance: queued","chan":"stdout","logger":"task"}
{"timestamp":"2025-05-11T14:47:05.216070Z","level":"info","event":"Current task name:process_and_save_datasets","chan":"stdout","logger":"task"}
{"timestamp":"2025-05-11T14:47:05.216451Z","level":"info","event":"Dag name:temperature_data_etl_pipeline","chan":"stdout","logger":"task"}
{"timestamp":"2025-05-11T14:47:05.216760Z","level":"info","event":"Starting data transformation for DAG run on 2025-05-11 14:45:00+00:00...","chan":"stdout","logger":"task"}
{"timestamp":"2025-05-11T14:47:05.192192","level":"info","event":"Secrets backends loaded for worker","count":1,"backend_classes":["EnvironmentVariablesBackend"],"logger":"supervisor"}
{"timestamp":"2025-05-11T14:47:05.215613","level":"info","event":"Connection Retrieved 'temperature_data_folder_conn'","logger":"airflow.hooks.base"}
{"timestamp":"2025-05-11T14:47:05.216097","level":"warning","event":"/home/airflow/.local/lib/python3.12/site-packages/airflow/models/variable.py:147: DeprecationWarning: Using Variable.get from `airflow.models` is deprecated.Please use `from airflow.sdk import Variable` instead\n  warnings.warn(\n","logger":"py.warnings"}
{"timestamp":"2025-05-11T14:47:05.216330","level":"info","event":"Secrets backends loaded for worker","count":1,"backend_classes":["EnvironmentVariablesBackend"],"logger":"supervisor"}
{"timestamp":"2025-05-11T14:47:05.226953","level":"error","event":"Task failed with exception","logger":"task","error_detail":[{"exc_type":"AirflowRuntimeError","exc_value":"VARIABLE_NOT_FOUND: {'key': 'raw_temperature_input_filename'}","exc_notes":[],"syntax_error":null,"is_cause":false,"frames":[{"filename":"/home/airflow/.local/lib/python3.12/site-packages/airflow/sdk/execution_time/task_runner.py","lineno":825,"name":"run"},{"filename":"/home/airflow/.local/lib/python3.12/site-packages/airflow/sdk/execution_time/task_runner.py","lineno":1088,"name":"_execute_task"},{"filename":"/home/airflow/.local/lib/python3.12/site-packages/airflow/sdk/bases/operator.py","lineno":408,"name":"wrapper"},{"filename":"/home/airflow/.local/lib/python3.12/site-packages/airflow/providers/standard/operators/python.py","lineno":212,"name":"execute"},{"filename":"/home/airflow/.local/lib/python3.12/site-packages/airflow/providers/standard/operators/python.py","lineno":235,"name":"execute_callable"},{"filename":"/home/airflow/.local/lib/python3.12/site-packages/airflow/sdk/execution_time/callback_runner.py","lineno":81,"name":"run"},{"filename":"/opt/airflow/dags/temperature_etl_dag/processing.py","lineno":47,"name":"transform_and_save_data"},{"filename":"/home/airflow/.local/lib/python3.12/site-packages/airflow/models/variable.py","lineno":156,"name":"get"},{"filename":"/home/airflow/.local/lib/python3.12/site-packages/airflow/sdk/definitions/variable.py","lineno":53,"name":"get"},{"filename":"/home/airflow/.local/lib/python3.12/site-packages/airflow/sdk/execution_time/context.py","lineno":208,"name":"_get_variable"}]}]}
{"timestamp":"2025-05-11T14:47:05.228121Z","level":"info","event":"Task instance in failure state","chan":"stdout","logger":"task"}
{"timestamp":"2025-05-11T14:47:05.228541Z","level":"info","event":"Task start","chan":"stdout","logger":"task"}
{"timestamp":"2025-05-11T14:47:05.228872Z","level":"info","event":"Task:<Task(PythonOperator): process_and_save_datasets>","chan":"stdout","logger":"task"}
{"timestamp":"2025-05-11T14:47:05.229253Z","level":"info","event":"Failure caused by VARIABLE_NOT_FOUND: {'key': 'raw_temperature_input_filename'}","chan":"stdout","logger":"task"}
