{"timestamp":"2025-05-11T14:45:03.158070","level":"info","event":"DAG bundles loaded: dags-folder, example_dags","logger":"airflow.dag_processing.bundles.manager.DagBundlesManager"}
{"timestamp":"2025-05-11T14:45:03.158817","level":"info","event":"Filling up the DagBag from /opt/airflow/dags/temperature_etl_dag/main_dag.py","logger":"airflow.models.dagbag.DagBag"}
{"timestamp":"2025-05-11T14:45:03.209061","level":"info","event":"Secrets backends loaded for worker","count":1,"backend_classes":["EnvironmentVariablesBackend"],"logger":"supervisor"}
{"timestamp":"2025-05-11T14:45:03.220787","level":"info","event":"Connection Retrieved 'temperature_data_folder_conn'","logger":"airflow.hooks.base"}
{"timestamp":"2025-05-11T14:45:03.222546","level":"info","event":"Secrets backends loaded for worker","count":1,"backend_classes":["EnvironmentVariablesBackend"],"logger":"supervisor"}
{"timestamp":"2025-05-11T14:45:03.233120Z","level":"info","event":"Base path for processed datasets: /opt/airflow/dags/data/processed_datasets","chan":"stdout","logger":"task"}
{"timestamp":"2025-05-11T14:45:03.233881Z","level":"info","event":"DimDate Dataset URI: file:///opt/airflow/dags/data/processed_datasets/dim_date.json","chan":"stdout","logger":"task"}
{"timestamp":"2025-05-11T14:45:03.235016Z","level":"info","event":"DimCity Dataset URI: file:///opt/airflow/dags/data/processed_datasets/dim_city.json","chan":"stdout","logger":"task"}
{"timestamp":"2025-05-11T14:45:03.235405Z","level":"info","event":"FactMonthlyTemperatures Dataset URI: file:///opt/airflow/dags/data/processed_datasets/fact_monthly_temperatures.json","chan":"stdout","logger":"task"}
{"timestamp":"2025-05-11T14:45:03.237851","level":"info","event":"Secrets backends loaded for worker","count":1,"backend_classes":["EnvironmentVariablesBackend"],"logger":"supervisor"}
{"timestamp":"2025-05-11T14:45:03.279651Z","level":"info","event":"Task instance is in running state","chan":"stdout","logger":"task"}
{"timestamp":"2025-05-11T14:45:03.280157Z","level":"info","event":" Previous state of the Task instance: queued","chan":"stdout","logger":"task"}
{"timestamp":"2025-05-11T14:45:03.280574Z","level":"info","event":"Current task name:process_and_save_datasets","chan":"stdout","logger":"task"}
{"timestamp":"2025-05-11T14:45:03.280944Z","level":"info","event":"Dag name:temperature_data_etl_pipeline","chan":"stdout","logger":"task"}
{"timestamp":"2025-05-11T14:45:03.281319Z","level":"info","event":"Starting data transformation for DAG run on 2025-05-11 14:45:00+00:00...","chan":"stdout","logger":"task"}
{"timestamp":"2025-05-11T14:45:03.256738","level":"info","event":"Secrets backends loaded for worker","count":1,"backend_classes":["EnvironmentVariablesBackend"],"logger":"supervisor"}
{"timestamp":"2025-05-11T14:45:03.280053","level":"info","event":"Connection Retrieved 'temperature_data_folder_conn'","logger":"airflow.hooks.base"}
{"timestamp":"2025-05-11T14:45:03.281308","level":"warning","event":"/home/airflow/.local/lib/python3.12/site-packages/airflow/models/variable.py:147: DeprecationWarning: Using Variable.get from `airflow.models` is deprecated.Please use `from airflow.sdk import Variable` instead\n  warnings.warn(\n","logger":"py.warnings"}
{"timestamp":"2025-05-11T14:45:03.281660","level":"info","event":"Secrets backends loaded for worker","count":1,"backend_classes":["EnvironmentVariablesBackend"],"logger":"supervisor"}
{"timestamp":"2025-05-11T14:45:03.292373","level":"error","event":"Task failed with exception","logger":"task","error_detail":[{"exc_type":"AirflowRuntimeError","exc_value":"VARIABLE_NOT_FOUND: {'key': 'raw_temperature_input_filename'}","exc_notes":[],"syntax_error":null,"is_cause":false,"frames":[{"filename":"/home/airflow/.local/lib/python3.12/site-packages/airflow/sdk/execution_time/task_runner.py","lineno":825,"name":"run"},{"filename":"/home/airflow/.local/lib/python3.12/site-packages/airflow/sdk/execution_time/task_runner.py","lineno":1088,"name":"_execute_task"},{"filename":"/home/airflow/.local/lib/python3.12/site-packages/airflow/sdk/bases/operator.py","lineno":408,"name":"wrapper"},{"filename":"/home/airflow/.local/lib/python3.12/site-packages/airflow/providers/standard/operators/python.py","lineno":212,"name":"execute"},{"filename":"/home/airflow/.local/lib/python3.12/site-packages/airflow/providers/standard/operators/python.py","lineno":235,"name":"execute_callable"},{"filename":"/home/airflow/.local/lib/python3.12/site-packages/airflow/sdk/execution_time/callback_runner.py","lineno":81,"name":"run"},{"filename":"/opt/airflow/dags/temperature_etl_dag/processing.py","lineno":47,"name":"transform_and_save_data"},{"filename":"/home/airflow/.local/lib/python3.12/site-packages/airflow/models/variable.py","lineno":156,"name":"get"},{"filename":"/home/airflow/.local/lib/python3.12/site-packages/airflow/sdk/definitions/variable.py","lineno":53,"name":"get"},{"filename":"/home/airflow/.local/lib/python3.12/site-packages/airflow/sdk/execution_time/context.py","lineno":208,"name":"_get_variable"}]}]}
{"timestamp":"2025-05-11T14:45:03.319056Z","level":"info","event":"Task instance in failure state","chan":"stdout","logger":"task"}
{"timestamp":"2025-05-11T14:45:03.319583Z","level":"info","event":"Task start","chan":"stdout","logger":"task"}
{"timestamp":"2025-05-11T14:45:03.319971Z","level":"info","event":"Task:<Task(PythonOperator): process_and_save_datasets>","chan":"stdout","logger":"task"}
{"timestamp":"2025-05-11T14:45:03.320474Z","level":"info","event":"Failure caused by VARIABLE_NOT_FOUND: {'key': 'raw_temperature_input_filename'}","chan":"stdout","logger":"task"}
