{"timestamp":"2025-05-11T14:39:10.759148","level":"info","event":"DAG bundles loaded: dags-folder, example_dags","logger":"airflow.dag_processing.bundles.manager.DagBundlesManager"}
{"timestamp":"2025-05-11T14:39:10.760220","level":"info","event":"Filling up the DagBag from /opt/airflow/dags/temperature_etl_dag/main_dag.py","logger":"airflow.models.dagbag.DagBag"}
{"timestamp":"2025-05-11T14:39:10.853618","level":"info","event":"Secrets backends loaded for worker","count":1,"backend_classes":["EnvironmentVariablesBackend"],"logger":"supervisor"}
{"timestamp":"2025-05-11T14:39:10.869000Z","level":"info","event":"Warning: Could not get 'temperature_data_folder_conn'. Defaulting path. Error: The conn_id `temperature_data_folder_conn` isn't defined","chan":"stdout","logger":"task"}
{"timestamp":"2025-05-11T14:39:10.870904","level":"info","event":"Secrets backends loaded for worker","count":1,"backend_classes":["EnvironmentVariablesBackend"],"logger":"supervisor"}
{"timestamp":"2025-05-11T14:39:10.888878Z","level":"info","event":"Base path for processed datasets: /opt/airflow/dags/data/processed_datasets","chan":"stdout","logger":"task"}
{"timestamp":"2025-05-11T14:39:10.889732Z","level":"info","event":"DimDate Dataset URI: file:///opt/airflow/dags/data/processed_datasets/dim_date.json","chan":"stdout","logger":"task"}
{"timestamp":"2025-05-11T14:39:10.890206Z","level":"info","event":"DimCity Dataset URI: file:///opt/airflow/dags/data/processed_datasets/dim_city.json","chan":"stdout","logger":"task"}
{"timestamp":"2025-05-11T14:39:10.890732Z","level":"info","event":"FactMonthlyTemperatures Dataset URI: file:///opt/airflow/dags/data/processed_datasets/fact_monthly_temperatures.json","chan":"stdout","logger":"task"}
{"timestamp":"2025-05-11T14:39:10.895253","level":"info","event":"Secrets backends loaded for worker","count":1,"backend_classes":["EnvironmentVariablesBackend"],"logger":"supervisor"}
{"timestamp":"2025-05-11T14:39:10.959041Z","level":"info","event":"Task instance is in running state","chan":"stdout","logger":"task"}
{"timestamp":"2025-05-11T14:39:10.959665Z","level":"info","event":" Previous state of the Task instance: queued","chan":"stdout","logger":"task"}
{"timestamp":"2025-05-11T14:39:10.960166Z","level":"info","event":"Current task name:wait_for_raw_data_file","chan":"stdout","logger":"task"}
{"timestamp":"2025-05-11T14:39:10.960630Z","level":"info","event":"Dag name:temperature_data_etl_pipeline","chan":"stdout","logger":"task"}
{"timestamp":"2025-05-11T14:39:10.918550","level":"info","event":"Secrets backends loaded for worker","count":1,"backend_classes":["EnvironmentVariablesBackend"],"logger":"supervisor"}
{"timestamp":"2025-05-11T14:39:10.959369","level":"error","event":"Task failed with exception","logger":"task","error_detail":[{"exc_type":"AirflowNotFoundException","exc_value":"The conn_id `temperature_data_folder_conn` isn't defined","exc_notes":[],"syntax_error":null,"is_cause":false,"frames":[{"filename":"/home/airflow/.local/lib/python3.12/site-packages/airflow/sdk/execution_time/task_runner.py","lineno":825,"name":"run"},{"filename":"/home/airflow/.local/lib/python3.12/site-packages/airflow/sdk/execution_time/task_runner.py","lineno":1088,"name":"_execute_task"},{"filename":"/home/airflow/.local/lib/python3.12/site-packages/airflow/sdk/bases/operator.py","lineno":408,"name":"wrapper"},{"filename":"/home/airflow/.local/lib/python3.12/site-packages/airflow/providers/standard/sensors/filesystem.py","lineno":143,"name":"execute"},{"filename":"/home/airflow/.local/lib/python3.12/site-packages/airflow/sdk/bases/operator.py","lineno":408,"name":"wrapper"},{"filename":"/home/airflow/.local/lib/python3.12/site-packages/airflow/sdk/bases/sensor.py","lineno":227,"name":"execute"},{"filename":"/home/airflow/.local/lib/python3.12/site-packages/airflow/sdk/bases/sensor.py","lineno":207,"name":"execute"},{"filename":"/home/airflow/.local/lib/python3.12/site-packages/airflow/providers/standard/sensors/filesystem.py","lineno":129,"name":"poke"},{"filename":"/usr/local/lib/python3.12/functools.py","lineno":998,"name":"__get__"},{"filename":"/home/airflow/.local/lib/python3.12/site-packages/airflow/providers/standard/sensors/filesystem.py","lineno":123,"name":"path"},{"filename":"/home/airflow/.local/lib/python3.12/site-packages/airflow/providers/standard/hooks/filesystem.py","lineno":64,"name":"__init__"},{"filename":"/home/airflow/.local/lib/python3.12/site-packages/airflow/hooks/base.py","lineno":64,"name":"get_connection"},{"filename":"/home/airflow/.local/lib/python3.12/site-packages/airflow/models/connection.py","lineno":482,"name":"get_connection_from_secrets"}]},{"exc_type":"AirflowRuntimeError","exc_value":"CONNECTION_NOT_FOUND: {'conn_id': 'temperature_data_folder_conn'}","exc_notes":[],"syntax_error":null,"is_cause":false,"frames":[{"filename":"/home/airflow/.local/lib/python3.12/site-packages/airflow/models/connection.py","lineno":472,"name":"get_connection_from_secrets"},{"filename":"/home/airflow/.local/lib/python3.12/site-packages/airflow/sdk/definitions/connection.py","lineno":142,"name":"get"},{"filename":"/home/airflow/.local/lib/python3.12/site-packages/airflow/sdk/execution_time/context.py","lineno":161,"name":"_get_connection"}]}]}
{"timestamp":"2025-05-11T14:39:10.962794Z","level":"info","event":"Task instance in failure state","chan":"stdout","logger":"task"}
{"timestamp":"2025-05-11T14:39:10.963335Z","level":"info","event":"Task start","chan":"stdout","logger":"task"}
{"timestamp":"2025-05-11T14:39:10.963809Z","level":"info","event":"Task:<Task(FileSensor): wait_for_raw_data_file>","chan":"stdout","logger":"task"}
{"timestamp":"2025-05-11T14:39:10.964251Z","level":"info","event":"Failure caused by The conn_id `temperature_data_folder_conn` isn't defined","chan":"stdout","logger":"task"}
