{"timestamp":"2025-05-23T15:09:26.885179","level":"info","event":"Filling up the DagBag from /opt/airflow/dags/temperature_etl_dag/datasets_definition.py","logger":"airflow.models.dagbag.DagBag"}
{"timestamp":"2025-05-23T15:09:26.899919","level":"info","event":"Secrets backends loaded for worker","count":1,"backend_classes":["EnvironmentVariablesBackend"],"logger":"supervisor"}
{"timestamp":"2025-05-23T15:09:27.241388","level":"info","event":"Connection Retrieved 'temperature_data_folder_conn'","logger":"airflow.hooks.base"}
{"timestamp":"2025-05-23T15:09:27.242922","level":"info","event":"Secrets backends loaded for worker","count":1,"backend_classes":["EnvironmentVariablesBackend"],"logger":"supervisor"}
{"timestamp":"2025-05-23T15:09:27.263786Z","level":"info","event":"Базовий шлях для оброблених датасетів: /opt/airflow/dags/data/processed_datasets","chan":"stdout","logger":"processor"}
{"timestamp":"2025-05-23T15:09:58.904983","level":"info","event":"Filling up the DagBag from /opt/airflow/dags/temperature_etl_dag/datasets_definition.py","logger":"airflow.models.dagbag.DagBag"}
{"timestamp":"2025-05-23T15:09:58.922410","level":"info","event":"Secrets backends loaded for worker","count":1,"backend_classes":["EnvironmentVariablesBackend"],"logger":"supervisor"}
{"timestamp":"2025-05-23T15:09:59.184220","level":"info","event":"Connection Retrieved 'temperature_data_folder_conn'","logger":"airflow.hooks.base"}
{"timestamp":"2025-05-23T15:09:59.185304","level":"info","event":"Secrets backends loaded for worker","count":1,"backend_classes":["EnvironmentVariablesBackend"],"logger":"supervisor"}
{"timestamp":"2025-05-23T15:09:59.198309Z","level":"info","event":"Базовий шлях для оброблених датасетів: /opt/airflow/dags/data/processed_datasets","chan":"stdout","logger":"processor"}
{"timestamp":"2025-05-23T15:10:29.584619","level":"info","event":"Filling up the DagBag from /opt/airflow/dags/temperature_etl_dag/datasets_definition.py","logger":"airflow.models.dagbag.DagBag"}
{"timestamp":"2025-05-23T15:10:29.598836","level":"info","event":"Secrets backends loaded for worker","count":1,"backend_classes":["EnvironmentVariablesBackend"],"logger":"supervisor"}
{"timestamp":"2025-05-23T15:10:29.826083","level":"info","event":"Connection Retrieved 'temperature_data_folder_conn'","logger":"airflow.hooks.base"}
{"timestamp":"2025-05-23T15:10:29.827116","level":"info","event":"Secrets backends loaded for worker","count":1,"backend_classes":["EnvironmentVariablesBackend"],"logger":"supervisor"}
{"timestamp":"2025-05-23T15:10:29.839508Z","level":"info","event":"Базовий шлях для оброблених датасетів: /opt/airflow/dags/data/processed_datasets","chan":"stdout","logger":"processor"}
{"timestamp":"2025-05-23T15:11:00.542324","level":"info","event":"Filling up the DagBag from /opt/airflow/dags/temperature_etl_dag/datasets_definition.py","logger":"airflow.models.dagbag.DagBag"}
{"timestamp":"2025-05-23T15:11:00.555291","level":"info","event":"Secrets backends loaded for worker","count":1,"backend_classes":["EnvironmentVariablesBackend"],"logger":"supervisor"}
{"timestamp":"2025-05-23T15:11:00.794356","level":"info","event":"Connection Retrieved 'temperature_data_folder_conn'","logger":"airflow.hooks.base"}
{"timestamp":"2025-05-23T15:11:00.795470","level":"info","event":"Secrets backends loaded for worker","count":1,"backend_classes":["EnvironmentVariablesBackend"],"logger":"supervisor"}
{"timestamp":"2025-05-23T15:11:00.808382Z","level":"info","event":"Базовий шлях для оброблених датасетів: /opt/airflow/dags/data/processed_datasets","chan":"stdout","logger":"processor"}
{"timestamp":"2025-05-23T15:11:32.042775","level":"info","event":"Filling up the DagBag from /opt/airflow/dags/temperature_etl_dag/datasets_definition.py","logger":"airflow.models.dagbag.DagBag"}
{"timestamp":"2025-05-23T15:11:32.059624","level":"info","event":"Secrets backends loaded for worker","count":1,"backend_classes":["EnvironmentVariablesBackend"],"logger":"supervisor"}
{"timestamp":"2025-05-23T15:11:32.314656","level":"info","event":"Connection Retrieved 'temperature_data_folder_conn'","logger":"airflow.hooks.base"}
{"timestamp":"2025-05-23T15:11:32.315910","level":"info","event":"Secrets backends loaded for worker","count":1,"backend_classes":["EnvironmentVariablesBackend"],"logger":"supervisor"}
{"timestamp":"2025-05-23T15:11:32.330373Z","level":"info","event":"Базовий шлях для оброблених датасетів: /opt/airflow/dags/data/processed_datasets","chan":"stdout","logger":"processor"}
{"timestamp":"2025-05-23T15:12:02.528536","level":"info","event":"Filling up the DagBag from /opt/airflow/dags/temperature_etl_dag/datasets_definition.py","logger":"airflow.models.dagbag.DagBag"}
{"timestamp":"2025-05-23T15:12:02.545766","level":"info","event":"Secrets backends loaded for worker","count":1,"backend_classes":["EnvironmentVariablesBackend"],"logger":"supervisor"}
{"timestamp":"2025-05-23T15:12:02.847837","level":"info","event":"Connection Retrieved 'temperature_data_folder_conn'","logger":"airflow.hooks.base"}
{"timestamp":"2025-05-23T15:12:02.849160","level":"info","event":"Secrets backends loaded for worker","count":1,"backend_classes":["EnvironmentVariablesBackend"],"logger":"supervisor"}
{"timestamp":"2025-05-23T15:12:02.875227Z","level":"info","event":"Базовий шлях для оброблених датасетів: /opt/airflow/dags/data/processed_datasets","chan":"stdout","logger":"processor"}
{"timestamp":"2025-05-23T15:12:33.331310","level":"info","event":"Filling up the DagBag from /opt/airflow/dags/temperature_etl_dag/datasets_definition.py","logger":"airflow.models.dagbag.DagBag"}
{"timestamp":"2025-05-23T15:12:33.344847","level":"info","event":"Secrets backends loaded for worker","count":1,"backend_classes":["EnvironmentVariablesBackend"],"logger":"supervisor"}
{"timestamp":"2025-05-23T15:12:33.593659","level":"info","event":"Connection Retrieved 'temperature_data_folder_conn'","logger":"airflow.hooks.base"}
{"timestamp":"2025-05-23T15:12:33.594790","level":"info","event":"Secrets backends loaded for worker","count":1,"backend_classes":["EnvironmentVariablesBackend"],"logger":"supervisor"}
{"timestamp":"2025-05-23T15:12:33.612048Z","level":"info","event":"Базовий шлях для оброблених датасетів: /opt/airflow/dags/data/processed_datasets","chan":"stdout","logger":"processor"}
{"timestamp":"2025-05-23T15:13:04.203585","level":"info","event":"Filling up the DagBag from /opt/airflow/dags/temperature_etl_dag/datasets_definition.py","logger":"airflow.models.dagbag.DagBag"}
{"timestamp":"2025-05-23T15:13:04.218320","level":"info","event":"Secrets backends loaded for worker","count":1,"backend_classes":["EnvironmentVariablesBackend"],"logger":"supervisor"}
{"timestamp":"2025-05-23T15:13:04.504369","level":"info","event":"Connection Retrieved 'temperature_data_folder_conn'","logger":"airflow.hooks.base"}
{"timestamp":"2025-05-23T15:13:04.505895","level":"info","event":"Secrets backends loaded for worker","count":1,"backend_classes":["EnvironmentVariablesBackend"],"logger":"supervisor"}
{"timestamp":"2025-05-23T15:13:04.524649Z","level":"info","event":"Базовий шлях для оброблених датасетів: /opt/airflow/dags/data/processed_datasets","chan":"stdout","logger":"processor"}
{"timestamp":"2025-05-23T15:13:34.995620","level":"info","event":"Filling up the DagBag from /opt/airflow/dags/temperature_etl_dag/datasets_definition.py","logger":"airflow.models.dagbag.DagBag"}
{"timestamp":"2025-05-23T15:13:35.009268","level":"info","event":"Secrets backends loaded for worker","count":1,"backend_classes":["EnvironmentVariablesBackend"],"logger":"supervisor"}
{"timestamp":"2025-05-23T15:13:35.904471","level":"info","event":"Connection Retrieved 'temperature_data_folder_conn'","logger":"airflow.hooks.base"}
{"timestamp":"2025-05-23T15:13:35.905584","level":"info","event":"Secrets backends loaded for worker","count":1,"backend_classes":["EnvironmentVariablesBackend"],"logger":"supervisor"}
{"timestamp":"2025-05-23T15:13:35.929643Z","level":"info","event":"Базовий шлях для оброблених датасетів: /opt/airflow/dags/data/processed_datasets","chan":"stdout","logger":"processor"}
{"timestamp":"2025-05-23T15:14:06.307695","level":"info","event":"Filling up the DagBag from /opt/airflow/dags/temperature_etl_dag/datasets_definition.py","logger":"airflow.models.dagbag.DagBag"}
{"timestamp":"2025-05-23T15:14:06.320876","level":"info","event":"Secrets backends loaded for worker","count":1,"backend_classes":["EnvironmentVariablesBackend"],"logger":"supervisor"}
{"timestamp":"2025-05-23T15:14:06.580186","level":"info","event":"Connection Retrieved 'temperature_data_folder_conn'","logger":"airflow.hooks.base"}
{"timestamp":"2025-05-23T15:14:06.581356","level":"info","event":"Secrets backends loaded for worker","count":1,"backend_classes":["EnvironmentVariablesBackend"],"logger":"supervisor"}
{"timestamp":"2025-05-23T15:14:06.876420Z","level":"info","event":"Базовий шлях для оброблених датасетів: /opt/airflow/dags/data/processed_datasets","chan":"stdout","logger":"processor"}
{"timestamp":"2025-05-23T15:14:37.445197","level":"info","event":"Filling up the DagBag from /opt/airflow/dags/temperature_etl_dag/datasets_definition.py","logger":"airflow.models.dagbag.DagBag"}
{"timestamp":"2025-05-23T15:14:37.455919","level":"info","event":"Secrets backends loaded for worker","count":1,"backend_classes":["EnvironmentVariablesBackend"],"logger":"supervisor"}
{"timestamp":"2025-05-23T15:14:38.112853","level":"info","event":"Connection Retrieved 'temperature_data_folder_conn'","logger":"airflow.hooks.base"}
{"timestamp":"2025-05-23T15:14:38.114021","level":"info","event":"Secrets backends loaded for worker","count":1,"backend_classes":["EnvironmentVariablesBackend"],"logger":"supervisor"}
{"timestamp":"2025-05-23T15:14:38.368213Z","level":"info","event":"Базовий шлях для оброблених датасетів: /opt/airflow/dags/data/processed_datasets","chan":"stdout","logger":"processor"}
{"timestamp":"2025-05-23T15:15:08.534667","level":"info","event":"Filling up the DagBag from /opt/airflow/dags/temperature_etl_dag/datasets_definition.py","logger":"airflow.models.dagbag.DagBag"}
{"timestamp":"2025-05-23T15:15:08.545204","level":"info","event":"Secrets backends loaded for worker","count":1,"backend_classes":["EnvironmentVariablesBackend"],"logger":"supervisor"}
{"timestamp":"2025-05-23T15:15:08.782814","level":"info","event":"Connection Retrieved 'temperature_data_folder_conn'","logger":"airflow.hooks.base"}
{"timestamp":"2025-05-23T15:15:08.784011","level":"info","event":"Secrets backends loaded for worker","count":1,"backend_classes":["EnvironmentVariablesBackend"],"logger":"supervisor"}
{"timestamp":"2025-05-23T15:15:09.027485Z","level":"info","event":"Базовий шлях для оброблених датасетів: /opt/airflow/dags/data/processed_datasets","chan":"stdout","logger":"processor"}
{"timestamp":"2025-05-23T15:15:39.487487","level":"info","event":"Filling up the DagBag from /opt/airflow/dags/temperature_etl_dag/datasets_definition.py","logger":"airflow.models.dagbag.DagBag"}
{"timestamp":"2025-05-23T15:15:39.501014","level":"info","event":"Secrets backends loaded for worker","count":1,"backend_classes":["EnvironmentVariablesBackend"],"logger":"supervisor"}
{"timestamp":"2025-05-23T15:15:39.755076","level":"info","event":"Connection Retrieved 'temperature_data_folder_conn'","logger":"airflow.hooks.base"}
{"timestamp":"2025-05-23T15:15:39.756303","level":"info","event":"Secrets backends loaded for worker","count":1,"backend_classes":["EnvironmentVariablesBackend"],"logger":"supervisor"}
{"timestamp":"2025-05-23T15:15:39.992223Z","level":"info","event":"Базовий шлях для оброблених датасетів: /opt/airflow/dags/data/processed_datasets","chan":"stdout","logger":"processor"}
{"timestamp":"2025-05-23T15:16:10.872193","level":"info","event":"Filling up the DagBag from /opt/airflow/dags/temperature_etl_dag/datasets_definition.py","logger":"airflow.models.dagbag.DagBag"}
{"timestamp":"2025-05-23T15:16:10.883655","level":"info","event":"Secrets backends loaded for worker","count":1,"backend_classes":["EnvironmentVariablesBackend"],"logger":"supervisor"}
{"timestamp":"2025-05-23T15:16:11.497042","level":"info","event":"Connection Retrieved 'temperature_data_folder_conn'","logger":"airflow.hooks.base"}
{"timestamp":"2025-05-23T15:16:11.498274","level":"info","event":"Secrets backends loaded for worker","count":1,"backend_classes":["EnvironmentVariablesBackend"],"logger":"supervisor"}
{"timestamp":"2025-05-23T15:16:11.766696Z","level":"info","event":"Базовий шлях для оброблених датасетів: /opt/airflow/dags/data/processed_datasets","chan":"stdout","logger":"processor"}
{"timestamp":"2025-05-23T15:16:42.825748","level":"info","event":"Filling up the DagBag from /opt/airflow/dags/temperature_etl_dag/datasets_definition.py","logger":"airflow.models.dagbag.DagBag"}
{"timestamp":"2025-05-23T15:16:42.838317","level":"info","event":"Secrets backends loaded for worker","count":1,"backend_classes":["EnvironmentVariablesBackend"],"logger":"supervisor"}
{"timestamp":"2025-05-23T15:16:43.100677","level":"info","event":"Connection Retrieved 'temperature_data_folder_conn'","logger":"airflow.hooks.base"}
{"timestamp":"2025-05-23T15:16:43.102098","level":"info","event":"Secrets backends loaded for worker","count":1,"backend_classes":["EnvironmentVariablesBackend"],"logger":"supervisor"}
{"timestamp":"2025-05-23T15:16:43.368027Z","level":"info","event":"Базовий шлях для оброблених датасетів: /opt/airflow/dags/data/processed_datasets","chan":"stdout","logger":"processor"}
{"timestamp":"2025-05-23T15:17:14.078526","level":"info","event":"Filling up the DagBag from /opt/airflow/dags/temperature_etl_dag/datasets_definition.py","logger":"airflow.models.dagbag.DagBag"}
{"timestamp":"2025-05-23T15:17:14.090335","level":"info","event":"Secrets backends loaded for worker","count":1,"backend_classes":["EnvironmentVariablesBackend"],"logger":"supervisor"}
{"timestamp":"2025-05-23T15:17:14.327559","level":"info","event":"Connection Retrieved 'temperature_data_folder_conn'","logger":"airflow.hooks.base"}
{"timestamp":"2025-05-23T15:17:14.328749","level":"info","event":"Secrets backends loaded for worker","count":1,"backend_classes":["EnvironmentVariablesBackend"],"logger":"supervisor"}
{"timestamp":"2025-05-23T15:17:14.565075Z","level":"info","event":"Базовий шлях для оброблених датасетів: /opt/airflow/dags/data/processed_datasets","chan":"stdout","logger":"processor"}
{"timestamp":"2025-05-23T15:17:45.154727","level":"info","event":"Filling up the DagBag from /opt/airflow/dags/temperature_etl_dag/datasets_definition.py","logger":"airflow.models.dagbag.DagBag"}
{"timestamp":"2025-05-23T15:17:45.167594","level":"info","event":"Secrets backends loaded for worker","count":1,"backend_classes":["EnvironmentVariablesBackend"],"logger":"supervisor"}
{"timestamp":"2025-05-23T15:17:45.454318","level":"info","event":"Connection Retrieved 'temperature_data_folder_conn'","logger":"airflow.hooks.base"}
{"timestamp":"2025-05-23T15:17:45.455617","level":"info","event":"Secrets backends loaded for worker","count":1,"backend_classes":["EnvironmentVariablesBackend"],"logger":"supervisor"}
{"timestamp":"2025-05-23T15:17:46.176302Z","level":"info","event":"Базовий шлях для оброблених датасетів: /opt/airflow/dags/data/processed_datasets","chan":"stdout","logger":"processor"}
{"timestamp":"2025-05-23T15:18:16.647731","level":"info","event":"Filling up the DagBag from /opt/airflow/dags/temperature_etl_dag/datasets_definition.py","logger":"airflow.models.dagbag.DagBag"}
{"timestamp":"2025-05-23T15:18:16.658461","level":"info","event":"Secrets backends loaded for worker","count":1,"backend_classes":["EnvironmentVariablesBackend"],"logger":"supervisor"}
{"timestamp":"2025-05-23T15:18:17.133449","level":"info","event":"Connection Retrieved 'temperature_data_folder_conn'","logger":"airflow.hooks.base"}
{"timestamp":"2025-05-23T15:18:17.134693","level":"info","event":"Secrets backends loaded for worker","count":1,"backend_classes":["EnvironmentVariablesBackend"],"logger":"supervisor"}
{"timestamp":"2025-05-23T15:18:17.158241Z","level":"info","event":"Базовий шлях для оброблених датасетів: /opt/airflow/dags/data/processed_datasets","chan":"stdout","logger":"processor"}
{"timestamp":"2025-05-23T15:18:48.090827","level":"info","event":"Filling up the DagBag from /opt/airflow/dags/temperature_etl_dag/datasets_definition.py","logger":"airflow.models.dagbag.DagBag"}
{"timestamp":"2025-05-23T15:18:48.106897","level":"info","event":"Secrets backends loaded for worker","count":1,"backend_classes":["EnvironmentVariablesBackend"],"logger":"supervisor"}
{"timestamp":"2025-05-23T15:18:48.475286","level":"info","event":"Connection Retrieved 'temperature_data_folder_conn'","logger":"airflow.hooks.base"}
{"timestamp":"2025-05-23T15:18:48.477722","level":"info","event":"Secrets backends loaded for worker","count":1,"backend_classes":["EnvironmentVariablesBackend"],"logger":"supervisor"}
{"timestamp":"2025-05-23T15:18:48.789324Z","level":"info","event":"Базовий шлях для оброблених датасетів: /opt/airflow/dags/data/processed_datasets","chan":"stdout","logger":"processor"}
{"timestamp":"2025-05-23T15:19:19.496114","level":"info","event":"Filling up the DagBag from /opt/airflow/dags/temperature_etl_dag/datasets_definition.py","logger":"airflow.models.dagbag.DagBag"}
{"timestamp":"2025-05-23T15:19:19.506551","level":"info","event":"Secrets backends loaded for worker","count":1,"backend_classes":["EnvironmentVariablesBackend"],"logger":"supervisor"}
{"timestamp":"2025-05-23T15:19:20.282113","level":"info","event":"Connection Retrieved 'temperature_data_folder_conn'","logger":"airflow.hooks.base"}
{"timestamp":"2025-05-23T15:19:20.283214","level":"info","event":"Secrets backends loaded for worker","count":1,"backend_classes":["EnvironmentVariablesBackend"],"logger":"supervisor"}
{"timestamp":"2025-05-23T15:19:20.301414Z","level":"info","event":"Базовий шлях для оброблених датасетів: /opt/airflow/dags/data/processed_datasets","chan":"stdout","logger":"processor"}
{"timestamp":"2025-05-23T15:19:50.871179","level":"info","event":"Filling up the DagBag from /opt/airflow/dags/temperature_etl_dag/datasets_definition.py","logger":"airflow.models.dagbag.DagBag"}
{"timestamp":"2025-05-23T15:19:50.884331","level":"info","event":"Secrets backends loaded for worker","count":1,"backend_classes":["EnvironmentVariablesBackend"],"logger":"supervisor"}
{"timestamp":"2025-05-23T15:19:51.196282","level":"info","event":"Connection Retrieved 'temperature_data_folder_conn'","logger":"airflow.hooks.base"}
{"timestamp":"2025-05-23T15:19:51.197761","level":"info","event":"Secrets backends loaded for worker","count":1,"backend_classes":["EnvironmentVariablesBackend"],"logger":"supervisor"}
{"timestamp":"2025-05-23T15:19:51.484139Z","level":"info","event":"Базовий шлях для оброблених датасетів: /opt/airflow/dags/data/processed_datasets","chan":"stdout","logger":"processor"}
{"timestamp":"2025-05-23T15:20:22.262652","level":"info","event":"Filling up the DagBag from /opt/airflow/dags/temperature_etl_dag/datasets_definition.py","logger":"airflow.models.dagbag.DagBag"}
{"timestamp":"2025-05-23T15:20:22.275013","level":"info","event":"Secrets backends loaded for worker","count":1,"backend_classes":["EnvironmentVariablesBackend"],"logger":"supervisor"}
{"timestamp":"2025-05-23T15:20:22.995277","level":"info","event":"Connection Retrieved 'temperature_data_folder_conn'","logger":"airflow.hooks.base"}
{"timestamp":"2025-05-23T15:20:22.997001","level":"info","event":"Secrets backends loaded for worker","count":1,"backend_classes":["EnvironmentVariablesBackend"],"logger":"supervisor"}
{"timestamp":"2025-05-23T15:20:23.329486Z","level":"info","event":"Базовий шлях для оброблених датасетів: /opt/airflow/dags/data/processed_datasets","chan":"stdout","logger":"processor"}
{"timestamp":"2025-05-23T15:20:53.926830","level":"info","event":"Filling up the DagBag from /opt/airflow/dags/temperature_etl_dag/datasets_definition.py","logger":"airflow.models.dagbag.DagBag"}
{"timestamp":"2025-05-23T15:20:53.941038","level":"info","event":"Secrets backends loaded for worker","count":1,"backend_classes":["EnvironmentVariablesBackend"],"logger":"supervisor"}
{"timestamp":"2025-05-23T15:20:54.301051","level":"info","event":"Connection Retrieved 'temperature_data_folder_conn'","logger":"airflow.hooks.base"}
{"timestamp":"2025-05-23T15:20:54.302372","level":"info","event":"Secrets backends loaded for worker","count":1,"backend_classes":["EnvironmentVariablesBackend"],"logger":"supervisor"}
{"timestamp":"2025-05-23T15:20:54.632776Z","level":"info","event":"Базовий шлях для оброблених датасетів: /opt/airflow/dags/data/processed_datasets","chan":"stdout","logger":"processor"}
{"timestamp":"2025-05-23T15:21:25.488077","level":"info","event":"Filling up the DagBag from /opt/airflow/dags/temperature_etl_dag/datasets_definition.py","logger":"airflow.models.dagbag.DagBag"}
{"timestamp":"2025-05-23T15:21:25.501034","level":"info","event":"Secrets backends loaded for worker","count":1,"backend_classes":["EnvironmentVariablesBackend"],"logger":"supervisor"}
{"timestamp":"2025-05-23T15:21:26.083173","level":"info","event":"Connection Retrieved 'temperature_data_folder_conn'","logger":"airflow.hooks.base"}
{"timestamp":"2025-05-23T15:21:26.084689","level":"info","event":"Secrets backends loaded for worker","count":1,"backend_classes":["EnvironmentVariablesBackend"],"logger":"supervisor"}
{"timestamp":"2025-05-23T15:21:26.106900Z","level":"info","event":"Базовий шлях для оброблених датасетів: /opt/airflow/dags/data/processed_datasets","chan":"stdout","logger":"processor"}
{"timestamp":"2025-05-23T15:21:57.096945","level":"info","event":"Filling up the DagBag from /opt/airflow/dags/temperature_etl_dag/datasets_definition.py","logger":"airflow.models.dagbag.DagBag"}
{"timestamp":"2025-05-23T15:21:57.108334","level":"info","event":"Secrets backends loaded for worker","count":1,"backend_classes":["EnvironmentVariablesBackend"],"logger":"supervisor"}
{"timestamp":"2025-05-23T15:21:57.929242","level":"info","event":"Connection Retrieved 'temperature_data_folder_conn'","logger":"airflow.hooks.base"}
{"timestamp":"2025-05-23T15:21:57.930438","level":"info","event":"Secrets backends loaded for worker","count":1,"backend_classes":["EnvironmentVariablesBackend"],"logger":"supervisor"}
{"timestamp":"2025-05-23T15:21:57.954726Z","level":"info","event":"Базовий шлях для оброблених датасетів: /opt/airflow/dags/data/processed_datasets","chan":"stdout","logger":"processor"}
{"timestamp":"2025-05-23T15:22:28.535078","level":"info","event":"Filling up the DagBag from /opt/airflow/dags/temperature_etl_dag/datasets_definition.py","logger":"airflow.models.dagbag.DagBag"}
{"timestamp":"2025-05-23T15:22:28.546985","level":"info","event":"Secrets backends loaded for worker","count":1,"backend_classes":["EnvironmentVariablesBackend"],"logger":"supervisor"}
{"timestamp":"2025-05-23T15:22:28.797134","level":"info","event":"Connection Retrieved 'temperature_data_folder_conn'","logger":"airflow.hooks.base"}
{"timestamp":"2025-05-23T15:22:28.798588","level":"info","event":"Secrets backends loaded for worker","count":1,"backend_classes":["EnvironmentVariablesBackend"],"logger":"supervisor"}
{"timestamp":"2025-05-23T15:22:29.421084Z","level":"info","event":"Базовий шлях для оброблених датасетів: /opt/airflow/dags/data/processed_datasets","chan":"stdout","logger":"processor"}
{"timestamp":"2025-05-23T15:23:00.253802","level":"info","event":"Filling up the DagBag from /opt/airflow/dags/temperature_etl_dag/datasets_definition.py","logger":"airflow.models.dagbag.DagBag"}
{"timestamp":"2025-05-23T15:23:00.270850","level":"info","event":"Secrets backends loaded for worker","count":1,"backend_classes":["EnvironmentVariablesBackend"],"logger":"supervisor"}
{"timestamp":"2025-05-23T15:23:00.626760","level":"info","event":"Connection Retrieved 'temperature_data_folder_conn'","logger":"airflow.hooks.base"}
{"timestamp":"2025-05-23T15:23:00.628356","level":"info","event":"Secrets backends loaded for worker","count":1,"backend_classes":["EnvironmentVariablesBackend"],"logger":"supervisor"}
{"timestamp":"2025-05-23T15:23:00.972283Z","level":"info","event":"Базовий шлях для оброблених датасетів: /opt/airflow/dags/data/processed_datasets","chan":"stdout","logger":"processor"}
{"timestamp":"2025-05-23T15:23:31.464536","level":"info","event":"Filling up the DagBag from /opt/airflow/dags/temperature_etl_dag/datasets_definition.py","logger":"airflow.models.dagbag.DagBag"}
{"timestamp":"2025-05-23T15:23:31.478082","level":"info","event":"Secrets backends loaded for worker","count":1,"backend_classes":["EnvironmentVariablesBackend"],"logger":"supervisor"}
{"timestamp":"2025-05-23T15:23:32.418751","level":"info","event":"Connection Retrieved 'temperature_data_folder_conn'","logger":"airflow.hooks.base"}
{"timestamp":"2025-05-23T15:23:32.420664","level":"info","event":"Secrets backends loaded for worker","count":1,"backend_classes":["EnvironmentVariablesBackend"],"logger":"supervisor"}
{"timestamp":"2025-05-23T15:23:32.451176Z","level":"info","event":"Базовий шлях для оброблених датасетів: /opt/airflow/dags/data/processed_datasets","chan":"stdout","logger":"processor"}
{"timestamp":"2025-05-23T15:24:03.170173","level":"info","event":"Filling up the DagBag from /opt/airflow/dags/temperature_etl_dag/datasets_definition.py","logger":"airflow.models.dagbag.DagBag"}
{"timestamp":"2025-05-23T15:24:03.188787","level":"info","event":"Secrets backends loaded for worker","count":1,"backend_classes":["EnvironmentVariablesBackend"],"logger":"supervisor"}
{"timestamp":"2025-05-23T15:24:03.545127","level":"info","event":"Connection Retrieved 'temperature_data_folder_conn'","logger":"airflow.hooks.base"}
{"timestamp":"2025-05-23T15:24:03.546395","level":"info","event":"Secrets backends loaded for worker","count":1,"backend_classes":["EnvironmentVariablesBackend"],"logger":"supervisor"}
{"timestamp":"2025-05-23T15:24:03.809717Z","level":"info","event":"Базовий шлях для оброблених датасетів: /opt/airflow/dags/data/processed_datasets","chan":"stdout","logger":"processor"}
{"timestamp":"2025-05-23T15:24:33.975363","level":"info","event":"Filling up the DagBag from /opt/airflow/dags/temperature_etl_dag/datasets_definition.py","logger":"airflow.models.dagbag.DagBag"}
{"timestamp":"2025-05-23T15:24:33.987971","level":"info","event":"Secrets backends loaded for worker","count":1,"backend_classes":["EnvironmentVariablesBackend"],"logger":"supervisor"}
{"timestamp":"2025-05-23T15:24:34.254810","level":"info","event":"Connection Retrieved 'temperature_data_folder_conn'","logger":"airflow.hooks.base"}
{"timestamp":"2025-05-23T15:24:34.256583","level":"info","event":"Secrets backends loaded for worker","count":1,"backend_classes":["EnvironmentVariablesBackend"],"logger":"supervisor"}
{"timestamp":"2025-05-23T15:24:34.557307Z","level":"info","event":"Базовий шлях для оброблених датасетів: /opt/airflow/dags/data/processed_datasets","chan":"stdout","logger":"processor"}
{"timestamp":"2025-05-23T15:25:05.112673","level":"info","event":"Filling up the DagBag from /opt/airflow/dags/temperature_etl_dag/datasets_definition.py","logger":"airflow.models.dagbag.DagBag"}
{"timestamp":"2025-05-23T15:25:05.129002","level":"info","event":"Secrets backends loaded for worker","count":1,"backend_classes":["EnvironmentVariablesBackend"],"logger":"supervisor"}
{"timestamp":"2025-05-23T15:25:06.482114","level":"info","event":"Connection Retrieved 'temperature_data_folder_conn'","logger":"airflow.hooks.base"}
{"timestamp":"2025-05-23T15:25:06.483558","level":"info","event":"Secrets backends loaded for worker","count":1,"backend_classes":["EnvironmentVariablesBackend"],"logger":"supervisor"}
{"timestamp":"2025-05-23T15:25:06.510450Z","level":"info","event":"Базовий шлях для оброблених датасетів: /opt/airflow/dags/data/processed_datasets","chan":"stdout","logger":"processor"}
{"timestamp":"2025-05-23T15:25:37.352654","level":"info","event":"Filling up the DagBag from /opt/airflow/dags/temperature_etl_dag/datasets_definition.py","logger":"airflow.models.dagbag.DagBag"}
{"timestamp":"2025-05-23T15:25:37.366640","level":"info","event":"Secrets backends loaded for worker","count":1,"backend_classes":["EnvironmentVariablesBackend"],"logger":"supervisor"}
{"timestamp":"2025-05-23T15:25:37.937854","level":"info","event":"Connection Retrieved 'temperature_data_folder_conn'","logger":"airflow.hooks.base"}
{"timestamp":"2025-05-23T15:25:37.939349","level":"info","event":"Secrets backends loaded for worker","count":1,"backend_classes":["EnvironmentVariablesBackend"],"logger":"supervisor"}
{"timestamp":"2025-05-23T15:25:37.966348Z","level":"info","event":"Базовий шлях для оброблених датасетів: /opt/airflow/dags/data/processed_datasets","chan":"stdout","logger":"processor"}
{"timestamp":"2025-05-23T15:26:08.200339","level":"info","event":"Filling up the DagBag from /opt/airflow/dags/temperature_etl_dag/datasets_definition.py","logger":"airflow.models.dagbag.DagBag"}
{"timestamp":"2025-05-23T15:26:08.213184","level":"info","event":"Secrets backends loaded for worker","count":1,"backend_classes":["EnvironmentVariablesBackend"],"logger":"supervisor"}
{"timestamp":"2025-05-23T15:26:08.505930","level":"info","event":"Connection Retrieved 'temperature_data_folder_conn'","logger":"airflow.hooks.base"}
{"timestamp":"2025-05-23T15:26:08.507683","level":"info","event":"Secrets backends loaded for worker","count":1,"backend_classes":["EnvironmentVariablesBackend"],"logger":"supervisor"}
{"timestamp":"2025-05-23T15:26:08.811227Z","level":"info","event":"Базовий шлях для оброблених датасетів: /opt/airflow/dags/data/processed_datasets","chan":"stdout","logger":"processor"}
{"timestamp":"2025-05-23T15:26:39.876855","level":"info","event":"Filling up the DagBag from /opt/airflow/dags/temperature_etl_dag/datasets_definition.py","logger":"airflow.models.dagbag.DagBag"}
{"timestamp":"2025-05-23T15:26:39.888741","level":"info","event":"Secrets backends loaded for worker","count":1,"backend_classes":["EnvironmentVariablesBackend"],"logger":"supervisor"}
{"timestamp":"2025-05-23T15:26:40.136402","level":"info","event":"Connection Retrieved 'temperature_data_folder_conn'","logger":"airflow.hooks.base"}
{"timestamp":"2025-05-23T15:26:40.137589","level":"info","event":"Secrets backends loaded for worker","count":1,"backend_classes":["EnvironmentVariablesBackend"],"logger":"supervisor"}
{"timestamp":"2025-05-23T15:26:40.757312Z","level":"info","event":"Базовий шлях для оброблених датасетів: /opt/airflow/dags/data/processed_datasets","chan":"stdout","logger":"processor"}
{"timestamp":"2025-05-23T15:27:11.537323","level":"info","event":"Filling up the DagBag from /opt/airflow/dags/temperature_etl_dag/datasets_definition.py","logger":"airflow.models.dagbag.DagBag"}
{"timestamp":"2025-05-23T15:27:11.550290","level":"info","event":"Secrets backends loaded for worker","count":1,"backend_classes":["EnvironmentVariablesBackend"],"logger":"supervisor"}
{"timestamp":"2025-05-23T15:27:12.073640","level":"info","event":"Connection Retrieved 'temperature_data_folder_conn'","logger":"airflow.hooks.base"}
{"timestamp":"2025-05-23T15:27:12.075025","level":"info","event":"Secrets backends loaded for worker","count":1,"backend_classes":["EnvironmentVariablesBackend"],"logger":"supervisor"}
{"timestamp":"2025-05-23T15:27:12.098073Z","level":"info","event":"Базовий шлях для оброблених датасетів: /opt/airflow/dags/data/processed_datasets","chan":"stdout","logger":"processor"}
{"timestamp":"2025-05-23T15:27:42.892286","level":"info","event":"Filling up the DagBag from /opt/airflow/dags/temperature_etl_dag/datasets_definition.py","logger":"airflow.models.dagbag.DagBag"}
{"timestamp":"2025-05-23T15:27:42.909973","level":"info","event":"Secrets backends loaded for worker","count":1,"backend_classes":["EnvironmentVariablesBackend"],"logger":"supervisor"}
{"timestamp":"2025-05-23T15:27:43.677853","level":"info","event":"Connection Retrieved 'temperature_data_folder_conn'","logger":"airflow.hooks.base"}
{"timestamp":"2025-05-23T15:27:43.679379","level":"info","event":"Secrets backends loaded for worker","count":1,"backend_classes":["EnvironmentVariablesBackend"],"logger":"supervisor"}
{"timestamp":"2025-05-23T15:27:43.714125Z","level":"info","event":"Базовий шлях для оброблених датасетів: /opt/airflow/dags/data/processed_datasets","chan":"stdout","logger":"processor"}
{"timestamp":"2025-05-23T15:28:14.256911","level":"info","event":"Filling up the DagBag from /opt/airflow/dags/temperature_etl_dag/datasets_definition.py","logger":"airflow.models.dagbag.DagBag"}
{"timestamp":"2025-05-23T15:28:14.269123","level":"info","event":"Secrets backends loaded for worker","count":1,"backend_classes":["EnvironmentVariablesBackend"],"logger":"supervisor"}
{"timestamp":"2025-05-23T15:28:14.515516","level":"info","event":"Connection Retrieved 'temperature_data_folder_conn'","logger":"airflow.hooks.base"}
{"timestamp":"2025-05-23T15:28:14.516741","level":"info","event":"Secrets backends loaded for worker","count":1,"backend_classes":["EnvironmentVariablesBackend"],"logger":"supervisor"}
{"timestamp":"2025-05-23T15:28:15.150989Z","level":"info","event":"Базовий шлях для оброблених датасетів: /opt/airflow/dags/data/processed_datasets","chan":"stdout","logger":"processor"}
{"timestamp":"2025-05-23T15:28:45.817560","level":"info","event":"Filling up the DagBag from /opt/airflow/dags/temperature_etl_dag/datasets_definition.py","logger":"airflow.models.dagbag.DagBag"}
{"timestamp":"2025-05-23T15:28:45.828177","level":"info","event":"Secrets backends loaded for worker","count":1,"backend_classes":["EnvironmentVariablesBackend"],"logger":"supervisor"}
{"timestamp":"2025-05-23T15:28:46.065511","level":"info","event":"Connection Retrieved 'temperature_data_folder_conn'","logger":"airflow.hooks.base"}
{"timestamp":"2025-05-23T15:28:46.066874","level":"info","event":"Secrets backends loaded for worker","count":1,"backend_classes":["EnvironmentVariablesBackend"],"logger":"supervisor"}
{"timestamp":"2025-05-23T15:28:46.302607Z","level":"info","event":"Базовий шлях для оброблених датасетів: /opt/airflow/dags/data/processed_datasets","chan":"stdout","logger":"processor"}
{"timestamp":"2025-05-23T15:29:16.401156","level":"info","event":"Filling up the DagBag from /opt/airflow/dags/temperature_etl_dag/datasets_definition.py","logger":"airflow.models.dagbag.DagBag"}
{"timestamp":"2025-05-23T15:29:16.414152","level":"info","event":"Secrets backends loaded for worker","count":1,"backend_classes":["EnvironmentVariablesBackend"],"logger":"supervisor"}
{"timestamp":"2025-05-23T15:29:16.947164","level":"info","event":"Connection Retrieved 'temperature_data_folder_conn'","logger":"airflow.hooks.base"}
{"timestamp":"2025-05-23T15:29:16.948253","level":"info","event":"Secrets backends loaded for worker","count":1,"backend_classes":["EnvironmentVariablesBackend"],"logger":"supervisor"}
{"timestamp":"2025-05-23T15:29:17.203450Z","level":"info","event":"Базовий шлях для оброблених датасетів: /opt/airflow/dags/data/processed_datasets","chan":"stdout","logger":"processor"}
{"timestamp":"2025-05-23T15:29:47.427765","level":"info","event":"Filling up the DagBag from /opt/airflow/dags/temperature_etl_dag/datasets_definition.py","logger":"airflow.models.dagbag.DagBag"}
{"timestamp":"2025-05-23T15:29:47.440907","level":"info","event":"Secrets backends loaded for worker","count":1,"backend_classes":["EnvironmentVariablesBackend"],"logger":"supervisor"}
{"timestamp":"2025-05-23T15:29:48.174128","level":"info","event":"Connection Retrieved 'temperature_data_folder_conn'","logger":"airflow.hooks.base"}
{"timestamp":"2025-05-23T15:29:48.176159","level":"info","event":"Secrets backends loaded for worker","count":1,"backend_classes":["EnvironmentVariablesBackend"],"logger":"supervisor"}
{"timestamp":"2025-05-23T15:29:48.219052Z","level":"info","event":"Базовий шлях для оброблених датасетів: /opt/airflow/dags/data/processed_datasets","chan":"stdout","logger":"processor"}
{"timestamp":"2025-05-23T15:30:18.506461","level":"info","event":"Filling up the DagBag from /opt/airflow/dags/temperature_etl_dag/datasets_definition.py","logger":"airflow.models.dagbag.DagBag"}
{"timestamp":"2025-05-23T15:30:18.520244","level":"info","event":"Secrets backends loaded for worker","count":1,"backend_classes":["EnvironmentVariablesBackend"],"logger":"supervisor"}
{"timestamp":"2025-05-23T15:30:18.752486","level":"info","event":"Connection Retrieved 'temperature_data_folder_conn'","logger":"airflow.hooks.base"}
{"timestamp":"2025-05-23T15:30:18.753591","level":"info","event":"Secrets backends loaded for worker","count":1,"backend_classes":["EnvironmentVariablesBackend"],"logger":"supervisor"}
{"timestamp":"2025-05-23T15:30:18.772202Z","level":"info","event":"Базовий шлях для оброблених датасетів: /opt/airflow/dags/data/processed_datasets","chan":"stdout","logger":"processor"}
{"timestamp":"2025-05-23T15:30:48.935625","level":"info","event":"Filling up the DagBag from /opt/airflow/dags/temperature_etl_dag/datasets_definition.py","logger":"airflow.models.dagbag.DagBag"}
{"timestamp":"2025-05-23T15:30:48.949008","level":"info","event":"Secrets backends loaded for worker","count":1,"backend_classes":["EnvironmentVariablesBackend"],"logger":"supervisor"}
{"timestamp":"2025-05-23T15:30:49.226850","level":"info","event":"Connection Retrieved 'temperature_data_folder_conn'","logger":"airflow.hooks.base"}
{"timestamp":"2025-05-23T15:30:49.228001","level":"info","event":"Secrets backends loaded for worker","count":1,"backend_classes":["EnvironmentVariablesBackend"],"logger":"supervisor"}
{"timestamp":"2025-05-23T15:30:49.250089Z","level":"info","event":"Базовий шлях для оброблених датасетів: /opt/airflow/dags/data/processed_datasets","chan":"stdout","logger":"processor"}
{"timestamp":"2025-05-23T15:31:20.244576","level":"info","event":"Filling up the DagBag from /opt/airflow/dags/temperature_etl_dag/datasets_definition.py","logger":"airflow.models.dagbag.DagBag"}
{"timestamp":"2025-05-23T15:31:20.257828","level":"info","event":"Secrets backends loaded for worker","count":1,"backend_classes":["EnvironmentVariablesBackend"],"logger":"supervisor"}
{"timestamp":"2025-05-23T15:31:20.496988","level":"info","event":"Connection Retrieved 'temperature_data_folder_conn'","logger":"airflow.hooks.base"}
{"timestamp":"2025-05-23T15:31:20.498130","level":"info","event":"Secrets backends loaded for worker","count":1,"backend_classes":["EnvironmentVariablesBackend"],"logger":"supervisor"}
{"timestamp":"2025-05-23T15:31:20.512980Z","level":"info","event":"Базовий шлях для оброблених датасетів: /opt/airflow/dags/data/processed_datasets","chan":"stdout","logger":"processor"}
{"timestamp":"2025-05-23T15:31:50.823516","level":"info","event":"Filling up the DagBag from /opt/airflow/dags/temperature_etl_dag/datasets_definition.py","logger":"airflow.models.dagbag.DagBag"}
{"timestamp":"2025-05-23T15:31:50.837558","level":"info","event":"Secrets backends loaded for worker","count":1,"backend_classes":["EnvironmentVariablesBackend"],"logger":"supervisor"}
{"timestamp":"2025-05-23T15:31:51.074563","level":"info","event":"Connection Retrieved 'temperature_data_folder_conn'","logger":"airflow.hooks.base"}
{"timestamp":"2025-05-23T15:31:51.075767","level":"info","event":"Secrets backends loaded for worker","count":1,"backend_classes":["EnvironmentVariablesBackend"],"logger":"supervisor"}
{"timestamp":"2025-05-23T15:31:51.090880Z","level":"info","event":"Базовий шлях для оброблених датасетів: /opt/airflow/dags/data/processed_datasets","chan":"stdout","logger":"processor"}
{"timestamp":"2025-05-23T15:32:22.050131","level":"info","event":"Filling up the DagBag from /opt/airflow/dags/temperature_etl_dag/datasets_definition.py","logger":"airflow.models.dagbag.DagBag"}
{"timestamp":"2025-05-23T15:32:22.063445","level":"info","event":"Secrets backends loaded for worker","count":1,"backend_classes":["EnvironmentVariablesBackend"],"logger":"supervisor"}
{"timestamp":"2025-05-23T15:32:22.299380","level":"info","event":"Connection Retrieved 'temperature_data_folder_conn'","logger":"airflow.hooks.base"}
{"timestamp":"2025-05-23T15:32:22.300596","level":"info","event":"Secrets backends loaded for worker","count":1,"backend_classes":["EnvironmentVariablesBackend"],"logger":"supervisor"}
{"timestamp":"2025-05-23T15:32:22.315617Z","level":"info","event":"Базовий шлях для оброблених датасетів: /opt/airflow/dags/data/processed_datasets","chan":"stdout","logger":"processor"}
{"timestamp":"2025-05-23T15:32:53.346511","level":"info","event":"Filling up the DagBag from /opt/airflow/dags/temperature_etl_dag/datasets_definition.py","logger":"airflow.models.dagbag.DagBag"}
{"timestamp":"2025-05-23T15:32:53.364456","level":"info","event":"Secrets backends loaded for worker","count":1,"backend_classes":["EnvironmentVariablesBackend"],"logger":"supervisor"}
{"timestamp":"2025-05-23T15:32:53.790588","level":"info","event":"Connection Retrieved 'temperature_data_folder_conn'","logger":"airflow.hooks.base"}
{"timestamp":"2025-05-23T15:32:53.792245","level":"info","event":"Secrets backends loaded for worker","count":1,"backend_classes":["EnvironmentVariablesBackend"],"logger":"supervisor"}
{"timestamp":"2025-05-23T15:32:53.812951Z","level":"info","event":"Базовий шлях для оброблених датасетів: /opt/airflow/dags/data/processed_datasets","chan":"stdout","logger":"processor"}
{"timestamp":"2025-05-23T15:33:24.560009","level":"info","event":"Filling up the DagBag from /opt/airflow/dags/temperature_etl_dag/datasets_definition.py","logger":"airflow.models.dagbag.DagBag"}
{"timestamp":"2025-05-23T15:33:24.575020","level":"info","event":"Secrets backends loaded for worker","count":1,"backend_classes":["EnvironmentVariablesBackend"],"logger":"supervisor"}
{"timestamp":"2025-05-23T15:33:24.837112","level":"info","event":"Connection Retrieved 'temperature_data_folder_conn'","logger":"airflow.hooks.base"}
{"timestamp":"2025-05-23T15:33:24.838406","level":"info","event":"Secrets backends loaded for worker","count":1,"backend_classes":["EnvironmentVariablesBackend"],"logger":"supervisor"}
{"timestamp":"2025-05-23T15:33:24.856815Z","level":"info","event":"Базовий шлях для оброблених датасетів: /opt/airflow/dags/data/processed_datasets","chan":"stdout","logger":"processor"}
{"timestamp":"2025-05-23T15:33:55.107294","level":"info","event":"Filling up the DagBag from /opt/airflow/dags/temperature_etl_dag/datasets_definition.py","logger":"airflow.models.dagbag.DagBag"}
{"timestamp":"2025-05-23T15:33:55.120774","level":"info","event":"Secrets backends loaded for worker","count":1,"backend_classes":["EnvironmentVariablesBackend"],"logger":"supervisor"}
{"timestamp":"2025-05-23T15:33:55.358326","level":"info","event":"Connection Retrieved 'temperature_data_folder_conn'","logger":"airflow.hooks.base"}
{"timestamp":"2025-05-23T15:33:55.359524","level":"info","event":"Secrets backends loaded for worker","count":1,"backend_classes":["EnvironmentVariablesBackend"],"logger":"supervisor"}
{"timestamp":"2025-05-23T15:33:55.376252Z","level":"info","event":"Базовий шлях для оброблених датасетів: /opt/airflow/dags/data/processed_datasets","chan":"stdout","logger":"processor"}
{"timestamp":"2025-05-23T15:34:25.842544","level":"info","event":"Filling up the DagBag from /opt/airflow/dags/temperature_etl_dag/datasets_definition.py","logger":"airflow.models.dagbag.DagBag"}
{"timestamp":"2025-05-23T15:34:25.858262","level":"info","event":"Secrets backends loaded for worker","count":1,"backend_classes":["EnvironmentVariablesBackend"],"logger":"supervisor"}
{"timestamp":"2025-05-23T15:34:26.247370","level":"info","event":"Connection Retrieved 'temperature_data_folder_conn'","logger":"airflow.hooks.base"}
{"timestamp":"2025-05-23T15:34:26.249128","level":"info","event":"Secrets backends loaded for worker","count":1,"backend_classes":["EnvironmentVariablesBackend"],"logger":"supervisor"}
{"timestamp":"2025-05-23T15:34:26.289138Z","level":"info","event":"Базовий шлях для оброблених датасетів: /opt/airflow/dags/data/processed_datasets","chan":"stdout","logger":"processor"}
{"timestamp":"2025-05-23T15:34:57.287282","level":"info","event":"Filling up the DagBag from /opt/airflow/dags/temperature_etl_dag/datasets_definition.py","logger":"airflow.models.dagbag.DagBag"}
{"timestamp":"2025-05-23T15:34:57.301424","level":"info","event":"Secrets backends loaded for worker","count":1,"backend_classes":["EnvironmentVariablesBackend"],"logger":"supervisor"}
{"timestamp":"2025-05-23T15:34:58.344467","level":"info","event":"Connection Retrieved 'temperature_data_folder_conn'","logger":"airflow.hooks.base"}
{"timestamp":"2025-05-23T15:34:58.345705","level":"info","event":"Secrets backends loaded for worker","count":1,"backend_classes":["EnvironmentVariablesBackend"],"logger":"supervisor"}
{"timestamp":"2025-05-23T15:34:58.382706Z","level":"info","event":"Базовий шлях для оброблених датасетів: /opt/airflow/dags/data/processed_datasets","chan":"stdout","logger":"processor"}
{"timestamp":"2025-05-23T15:35:28.907406","level":"info","event":"Filling up the DagBag from /opt/airflow/dags/temperature_etl_dag/datasets_definition.py","logger":"airflow.models.dagbag.DagBag"}
{"timestamp":"2025-05-23T15:35:28.922026","level":"info","event":"Secrets backends loaded for worker","count":1,"backend_classes":["EnvironmentVariablesBackend"],"logger":"supervisor"}
{"timestamp":"2025-05-23T15:35:30.199647","level":"info","event":"Connection Retrieved 'temperature_data_folder_conn'","logger":"airflow.hooks.base"}
{"timestamp":"2025-05-23T15:35:30.202095","level":"info","event":"Secrets backends loaded for worker","count":1,"backend_classes":["EnvironmentVariablesBackend"],"logger":"supervisor"}
{"timestamp":"2025-05-23T15:35:30.272019Z","level":"info","event":"Базовий шлях для оброблених датасетів: /opt/airflow/dags/data/processed_datasets","chan":"stdout","logger":"processor"}
{"timestamp":"2025-05-23T15:36:01.367246","level":"info","event":"Filling up the DagBag from /opt/airflow/dags/temperature_etl_dag/datasets_definition.py","logger":"airflow.models.dagbag.DagBag"}
{"timestamp":"2025-05-23T15:36:01.379173","level":"info","event":"Secrets backends loaded for worker","count":1,"backend_classes":["EnvironmentVariablesBackend"],"logger":"supervisor"}
{"timestamp":"2025-05-23T15:36:02.229849","level":"info","event":"Connection Retrieved 'temperature_data_folder_conn'","logger":"airflow.hooks.base"}
{"timestamp":"2025-05-23T15:36:02.231044","level":"info","event":"Secrets backends loaded for worker","count":1,"backend_classes":["EnvironmentVariablesBackend"],"logger":"supervisor"}
{"timestamp":"2025-05-23T15:36:02.272783Z","level":"info","event":"Базовий шлях для оброблених датасетів: /opt/airflow/dags/data/processed_datasets","chan":"stdout","logger":"processor"}
