{"timestamp":"2025-05-12T13:49:31.167768","level":"info","event":"DAG bundles loaded: dags-folder, example_dags","logger":"airflow.dag_processing.bundles.manager.DagBundlesManager"}
{"timestamp":"2025-05-12T13:49:31.168870","level":"info","event":"Filling up the DagBag from /opt/airflow/dags/temperature_etl_dag/main_dag.py","logger":"airflow.models.dagbag.DagBag"}
{"timestamp":"2025-05-12T13:49:31.249303","level":"info","event":"Secrets backends loaded for worker","count":1,"backend_classes":["EnvironmentVariablesBackend"],"logger":"supervisor"}
{"timestamp":"2025-05-12T13:49:31.263313","level":"info","event":"Connection Retrieved 'temperature_data_folder_conn'","logger":"airflow.hooks.base"}
{"timestamp":"2025-05-12T13:49:31.265928","level":"info","event":"Secrets backends loaded for worker","count":1,"backend_classes":["EnvironmentVariablesBackend"],"logger":"supervisor"}
{"timestamp":"2025-05-12T13:49:31.277402Z","level":"info","event":"Базовий шлях для оброблених датасетів: /opt/airflow/dags/data/***","chan":"stdout","logger":"task"}
{"timestamp":"2025-05-12T13:49:31.285255","level":"info","event":"Secrets backends loaded for worker","count":1,"backend_classes":["EnvironmentVariablesBackend"],"logger":"supervisor"}
{"timestamp":"2025-05-12T13:49:31.343114Z","level":"info","event":"Task instance is in running state","chan":"stdout","logger":"task"}
{"timestamp":"2025-05-12T13:49:31.343800Z","level":"info","event":" Previous state of the Task instance: queued","chan":"stdout","logger":"task"}
{"timestamp":"2025-05-12T13:49:31.344321Z","level":"info","event":"Current task name:process_and_save_datasets","chan":"stdout","logger":"task"}
{"timestamp":"2025-05-12T13:49:31.344786Z","level":"info","event":"Dag name:temperature_data_etl_pipeline","chan":"stdout","logger":"task"}
{"timestamp":"2025-05-12T13:49:31.345272Z","level":"info","event":"Починаємо трансформацію даних для запуску DAG на 2025-05-12 13:00:00+00:00...","chan":"stdout","logger":"task"}
{"timestamp":"2025-05-12T13:49:31.307189","level":"info","event":"Secrets backends loaded for worker","count":1,"backend_classes":["EnvironmentVariablesBackend"],"logger":"supervisor"}
{"timestamp":"2025-05-12T13:49:31.343510","level":"info","event":"Connection Retrieved 'temperature_data_folder_conn'","logger":"airflow.hooks.base"}
{"timestamp":"2025-05-12T13:49:31.344789","level":"warning","event":"/home/airflow/.local/lib/python3.12/site-packages/airflow/models/variable.py:147: DeprecationWarning: Using Variable.get from `airflow.models` is deprecated.Please use `from airflow.sdk import Variable` instead\n  warnings.warn(\n","logger":"py.warnings"}
{"timestamp":"2025-05-12T13:49:31.345132","level":"info","event":"Secrets backends loaded for worker","count":1,"backend_classes":["EnvironmentVariablesBackend"],"logger":"supervisor"}
{"timestamp":"2025-05-12T13:49:31.360053Z","level":"info","event":"Читаємо вхідні дані з: /opt/airflow/dags/data/***","chan":"stdout","logger":"task"}
{"timestamp":"2025-05-12T13:49:31.360650Z","level":"info","event":"Зберігатимемо оброблені дані у: /opt/airflow/dags/data/***","chan":"stdout","logger":"task"}
{"timestamp":"2025-05-12T13:49:32.446878Z","level":"info","event":"Успішно прочитано 463320 рядків з CSV.","chan":"stdout","logger":"task"}
{"timestamp":"2025-05-12T13:51:06.757142Z","level":"info","event":"Збережено 132 записів у /opt/airflow/dags/data/***/dim_date.json","chan":"stdout","logger":"task"}
{"timestamp":"2025-05-12T13:51:06.862377Z","level":"info","event":"Збережено 3490 записів у /opt/airflow/dags/data/***/dim_city.json","chan":"stdout","logger":"task"}
{"timestamp":"2025-05-12T13:51:14.246196Z","level":"info","event":"Збережено 463320 записів у /opt/airflow/dags/data/***/fact_monthly_temperatures.json","chan":"stdout","logger":"task"}
{"timestamp":"2025-05-12T13:51:14.246875Z","level":"info","event":"Трансформацію та збереження даних завершено.","chan":"stdout","logger":"task"}
{"timestamp":"2025-05-12T13:51:14.453987","level":"info","event":"Done. Returned value was: None","logger":"airflow.task.operators.airflow.providers.standard.operators.python.PythonOperator"}
{"timestamp":"2025-05-12T13:51:14.553138Z","level":"info","event":"Task instance in success state","chan":"stdout","logger":"task"}
{"timestamp":"2025-05-12T13:51:14.553882Z","level":"info","event":" Previous state of the Task instance: running","chan":"stdout","logger":"task"}
{"timestamp":"2025-05-12T13:51:14.554394Z","level":"info","event":"Task operator:<Task(PythonOperator): process_and_save_datasets>","chan":"stdout","logger":"task"}
