{"timestamp":"2025-05-23T15:34:43.545536","level":"info","event":"DAG bundles loaded: dags-folder, example_dags","logger":"airflow.dag_processing.bundles.manager.DagBundlesManager"}
{"timestamp":"2025-05-23T15:34:43.546409","level":"info","event":"Filling up the DagBag from /opt/airflow/dags/temperature_etl_dag/main_dag.py","logger":"airflow.models.dagbag.DagBag"}
{"timestamp":"2025-05-23T15:34:43.580619","level":"info","event":"Secrets backends loaded for worker","count":1,"backend_classes":["EnvironmentVariablesBackend"],"logger":"supervisor"}
{"timestamp":"2025-05-23T15:34:43.617388","level":"info","event":"Connection Retrieved 'temperature_data_folder_conn'","logger":"airflow.hooks.base"}
{"timestamp":"2025-05-23T15:34:43.617889","level":"info","event":"Secrets backends loaded for worker","count":1,"backend_classes":["EnvironmentVariablesBackend"],"logger":"supervisor"}
{"timestamp":"2025-05-23T15:34:43.634961Z","level":"info","event":"Базовий шлях для оброблених датасетів: /opt/airflow/dags/data/***","chan":"stdout","logger":"task"}
{"timestamp":"2025-05-23T15:34:43.654973","level":"info","event":"Secrets backends loaded for worker","count":1,"backend_classes":["EnvironmentVariablesBackend"],"logger":"supervisor"}
{"timestamp":"2025-05-23T15:34:44.346718Z","level":"info","event":"Task instance is in running state","chan":"stdout","logger":"task"}
{"timestamp":"2025-05-23T15:34:44.347325Z","level":"info","event":" Previous state of the Task instance: queued","chan":"stdout","logger":"task"}
{"timestamp":"2025-05-23T15:34:44.347731Z","level":"info","event":"Current task name:process_and_save_datasets","chan":"stdout","logger":"task"}
{"timestamp":"2025-05-23T15:34:44.348071Z","level":"info","event":"Dag name:temperature_data_etl_strict_schema","chan":"stdout","logger":"task"}
{"timestamp":"2025-05-23T15:34:44.348389Z","level":"info","event":"Починаємо трансформацію даних для запуску DAG на 2025-05-23 15:34:40.084000+00:00...","chan":"stdout","logger":"task"}
{"timestamp":"2025-05-23T15:34:43.669944","level":"info","event":"Secrets backends loaded for worker","count":1,"backend_classes":["EnvironmentVariablesBackend"],"logger":"supervisor"}
{"timestamp":"2025-05-23T15:34:44.347126","level":"info","event":"Connection Retrieved 'temperature_data_folder_conn'","logger":"airflow.hooks.base"}
{"timestamp":"2025-05-23T15:34:44.347518","level":"info","event":"Secrets backends loaded for worker","count":1,"backend_classes":["EnvironmentVariablesBackend"],"logger":"supervisor"}
{"timestamp":"2025-05-23T15:34:44.361839Z","level":"info","event":"Читаємо вхідні дані з: /opt/airflow/dags/data/***","chan":"stdout","logger":"task"}
{"timestamp":"2025-05-23T15:34:44.362917Z","level":"info","event":"Зберігатимемо оброблені дані у: /opt/airflow/dags/data/***","chan":"stdout","logger":"task"}
{"timestamp":"2025-05-23T15:34:45.567441Z","level":"info","event":"Успішно прочитано 463320 рядків з CSV.","chan":"stdout","logger":"task"}
{"timestamp":"2025-05-23T15:35:27.250778Z","level":"info","event":"Збережено 132 записів у /opt/airflow/dags/data/***/dim_date.json (Dataset: file:///opt/airflow/dags/data/***/dim_date.json)","chan":"stdout","logger":"task"}
{"timestamp":"2025-05-23T15:35:27.292307Z","level":"info","event":"Збережено 3490 записів у /opt/airflow/dags/data/***/dim_city.json (Dataset: file:///opt/airflow/dags/data/***/dim_city.json)","chan":"stdout","logger":"task"}
{"timestamp":"2025-05-23T15:35:31.645976Z","level":"info","event":"Збережено 463320 записів у /opt/airflow/dags/data/***/fact_monthly_temperatures.json (Dataset: file:///opt/airflow/dags/data/***/fact_monthly_temperatures.json)","chan":"stdout","logger":"task"}
{"timestamp":"2025-05-23T15:35:31.646587Z","level":"info","event":"Трансформацію та збереження даних завершено.","chan":"stdout","logger":"task"}
{"timestamp":"2025-05-23T15:35:31.777735","level":"info","event":"Done. Returned value was: None","logger":"airflow.task.operators.airflow.providers.standard.operators.python.PythonOperator"}
{"timestamp":"2025-05-23T15:35:31.878845Z","level":"info","event":"Task instance in success state","chan":"stdout","logger":"task"}
{"timestamp":"2025-05-23T15:35:31.879319Z","level":"info","event":" Previous state of the Task instance: running","chan":"stdout","logger":"task"}
{"timestamp":"2025-05-23T15:35:31.879597Z","level":"info","event":"Task operator:<Task(PythonOperator): process_and_save_datasets>","chan":"stdout","logger":"task"}
